<?xml version="1.0" encoding="UTF-8"?>
<robot generator="Robot 3.2.1 (Python 3.8.3 on win32)" generated="20200710 19:50:37.958" rpa="false">
<suite id="s1" name="Tc" source="F:\PycharmProjects\YJYX\tc">
<suite id="s1-s1" name="空白数据" source="F:\PycharmProjects\YJYX\tc\空白数据">
<kw name="delete all school classes" type="setup">
<msg timestamp="20200710 19:50:37.989" level="FAIL">No keyword with name 'delete all school classes' found.</msg>
<status status="FAIL" starttime="20200710 19:50:37.989" endtime="20200710 19:50:37.989"></status>
</kw>
<suite id="s1-s1-s1" name="添加班级" source="F:\PycharmProjects\YJYX\tc\空白数据\添加班级.robot">
<test id="s1-s1-s1-t1" name="添加班级1 - tc000001">
<status status="FAIL" starttime="20200710 19:50:37.990" endtime="20200710 19:50:37.991" critical="yes">Parent suite setup failed:
No keyword with name 'delete all school classes' found.</status>
</test>
<status status="FAIL" starttime="20200710 19:50:37.989" endtime="20200710 19:50:37.992">Parent suite setup failed:
No keyword with name 'delete all school classes' found.</status>
</suite>
<status status="FAIL" starttime="20200710 19:50:37.975" endtime="20200710 19:50:37.995">Suite setup failed:
No keyword with name 'delete all school classes' found.</status>
</suite>
<status status="FAIL" starttime="20200710 19:50:37.960" endtime="20200710 19:50:37.996"></status>
</suite>
<statistics>
<total>
<stat pass="0" fail="1">Critical Tests</stat>
<stat pass="0" fail="1">All Tests</stat>
</total>
<tag>
</tag>
<suite>
<stat pass="0" fail="1" id="s1" name="Tc">Tc</stat>
<stat pass="0" fail="1" id="s1-s1" name="空白数据">Tc.空白数据</stat>
<stat pass="0" fail="1" id="s1-s1-s1" name="添加班级">Tc.空白数据.添加班级</stat>
</suite>
</statistics>
<errors>
<msg timestamp="20200710 19:50:37.985" level="ERROR">Error in file 'F:\PycharmProjects\YJYX\tc\空白数据' on line 2: Importing test library 'pylib.SchoolClassLib' failed: ModuleNotFoundError: No module named 'requests'
Traceback (most recent call last):
  File "F:\PycharmProjects\YJYX\pylib\SchoolClassLib.py", line 1, in &lt;module&gt;
    import requests
PYTHONPATH:
  F:\PycharmProjects\YJYX
  F:\Python3.8.3\Scripts\robot.exe
  f:\python3.8.3\python38.zip
  f:\python3.8.3\DLLs
  f:\python3.8.3\lib
  f:\python3.8.3
  f:\python3.8.3\lib\site-packages
  f:\python3.8.3\lib\site-packages\win32
  f:\python3.8.3\lib\site-packages\win32\lib
  f:\python3.8.3\lib\site-packages\Pythonwin</msg>
</errors>
</robot>
