<?xml version="1.0" encoding="UTF-8"?>
<robot generator="Robot 3.2.1 (Python 3.6.5 on win32)" generated="20200527 16:54:32.319" rpa="false">
<suite id="s1" name="Addteacher" source="F:\PycharmProjects\untitled\rf1222\day5\teachercourse\addteacher.robot">
<kw name="Setup WebTest" library="rclib" type="setup">
<kw name="Open Browser" library="SeleniumLibrary">
<doc>Opens a new browser instance to the optional ``url``.</doc>
<arguments>
<arg>http://localhost/mgr/login/login.html</arg>
<arg>chrome</arg>
</arguments>
<msg timestamp="20200527 16:54:32.518" level="INFO">Opening browser 'chrome' to base url 'http://localhost/mgr/login/login.html'.</msg>
<status status="PASS" starttime="20200527 16:54:32.518" endtime="20200527 16:54:36.181"></status>
</kw>
<kw name="Set Selenium Implicit Wait" library="SeleniumLibrary">
<doc>Sets the implicit wait value used by Selenium.</doc>
<arguments>
<arg>10</arg>
</arguments>
<status status="PASS" starttime="20200527 16:54:36.181" endtime="20200527 16:54:36.182"></status>
</kw>
<status status="PASS" starttime="20200527 16:54:32.517" endtime="20200527 16:54:36.182"></status>
</kw>
<test id="s1-t1" name="case1">
<kw name="loginwebsite" library="rclib">
<kw name="Go To" library="SeleniumLibrary">
<doc>Navigates the current browser window to the provided ``url``.</doc>
<arguments>
<arg>${MgrLoginUrl}</arg>
</arguments>
<msg timestamp="20200527 16:54:36.184" level="INFO">Opening url 'http://localhost/mgr/login/login.html'</msg>
<status status="PASS" starttime="20200527 16:54:36.183" endtime="20200527 16:54:36.230"></status>
</kw>
<kw name="Set Selenium Implicit Wait" library="SeleniumLibrary">
<doc>Sets the implicit wait value used by Selenium.</doc>
<arguments>
<arg>10</arg>
</arguments>
<status status="PASS" starttime="20200527 16:54:36.230" endtime="20200527 16:54:36.231"></status>
</kw>
<kw name="Input Text" library="SeleniumLibrary">
<doc>Types the given ``text`` into the text field identified by ``locator``.</doc>
<arguments>
<arg>id=username</arg>
<arg>&amp;{adminuser}[name]</arg>
</arguments>
<msg timestamp="20200527 16:54:36.232" level="WARN">Accessing variable items using '&amp;{adminuser}[name]' syntax is deprecated. Use '${adminuser}[name]' instead.</msg>
<msg timestamp="20200527 16:54:36.233" level="INFO">Typing text 'auto' into text field 'id=username'.</msg>
<status status="PASS" starttime="20200527 16:54:36.231" endtime="20200527 16:54:36.304"></status>
</kw>
<kw name="Input Text" library="SeleniumLibrary">
<doc>Types the given ``text`` into the text field identified by ``locator``.</doc>
<arguments>
<arg>id=password</arg>
<arg>&amp;{adminuser}[pw]</arg>
</arguments>
<msg timestamp="20200527 16:54:36.304" level="WARN">Accessing variable items using '&amp;{adminuser}[pw]' syntax is deprecated. Use '${adminuser}[pw]' instead.</msg>
<msg timestamp="20200527 16:54:36.305" level="INFO">Typing text 'sdfsdfsdf' into text field 'id=password'.</msg>
<status status="PASS" starttime="20200527 16:54:36.304" endtime="20200527 16:54:36.378"></status>
</kw>
<kw name="Click Element" library="SeleniumLibrary">
<doc>Click the element identified by ``locator``.</doc>
<arguments>
<arg>css=.btn-success</arg>
</arguments>
<msg timestamp="20200527 16:54:36.378" level="INFO">Clicking element 'css=.btn-success'.</msg>
<status status="PASS" starttime="20200527 16:54:36.378" endtime="20200527 16:54:36.411"></status>
</kw>
<status status="PASS" starttime="20200527 16:54:36.183" endtime="20200527 16:54:36.412"></status>
</kw>
<kw name="Log To Console" library="BuiltIn">
<doc>Logs the given message to the console.</doc>
<arguments>
<arg>检查课程是否存在</arg>
</arguments>
<status status="PASS" starttime="20200527 16:54:36.412" endtime="20200527 16:54:36.412"></status>
</kw>
<kw name="GetCourseList" library="rclib">
<assign>
<var>@{courselist}</var>
</assign>
<kw name="Click Element" library="SeleniumLibrary">
<doc>Click the element identified by ``locator``.</doc>
<arguments>
<arg>css=ul.nav a[ui-sref=course]</arg>
</arguments>
<msg timestamp="20200527 16:54:36.413" level="INFO">Clicking element 'css=ul.nav a[ui-sref=course]'.</msg>
<status status="PASS" starttime="20200527 16:54:36.413" endtime="20200527 16:54:36.898"></status>
</kw>
<kw name="Sleep" library="BuiltIn">
<doc>Pauses the test executed for the given time.</doc>
<arguments>
<arg>1</arg>
</arguments>
<msg timestamp="20200527 16:54:37.899" level="INFO">Slept 1 second</msg>
<status status="PASS" starttime="20200527 16:54:36.898" endtime="20200527 16:54:37.899"></status>
</kw>
<kw name="Get WebElements" library="SeleniumLibrary">
<doc>Returns a list of WebElement objects matching the ``locator``.</doc>
<arguments>
<arg>css=tr&gt;td:nth-child(2)</arg>
</arguments>
<assign>
<var>${eles}</var>
</assign>
<msg timestamp="20200527 16:54:37.907" level="INFO">${eles} = [&lt;selenium.webdriver.remote.webelement.WebElement (session="77daf293ad255e58a743c5974dd01abc", element="ef4a7c22-5ddb-46f2-8f39-8985dea91825")&gt;, &lt;selenium.webdriver.remote.webelement.WebElement (sessi...</msg>
<status status="PASS" starttime="20200527 16:54:37.899" endtime="20200527 16:54:37.907"></status>
</kw>
<kw name="Create List" library="BuiltIn">
<doc>Returns a list containing given items.</doc>
<assign>
<var>${courses}</var>
</assign>
<msg timestamp="20200527 16:54:37.907" level="INFO">${courses} = []</msg>
<status status="PASS" starttime="20200527 16:54:37.907" endtime="20200527 16:54:37.908"></status>
</kw>
<kw name="${ele} IN [ @{eles} ]" type="for">
<kw name="${ele} = &lt;selenium.webdriver.remote.webelement.WebElement (session=&quot;77daf293ad255e58a743c5974dd01abc&quot;, element=&quot;ef4a7c22-5ddb-46f2-8f39-8985dea91825&quot;)&gt;" type="foritem">
<kw name="Log To Console" library="BuiltIn">
<doc>Logs the given message to the console.</doc>
<arguments>
<arg>${ele.text}</arg>
</arguments>
<status status="PASS" starttime="20200527 16:54:37.908" endtime="20200527 16:54:37.919"></status>
</kw>
<kw name="Append To List" library="Collections">
<doc>Adds ``values`` to the end of ``list``.</doc>
<arguments>
<arg>${courses}</arg>
<arg>${ele.text}</arg>
</arguments>
<status status="PASS" starttime="20200527 16:54:37.919" endtime="20200527 16:54:37.927"></status>
</kw>
<status status="PASS" starttime="20200527 16:54:37.908" endtime="20200527 16:54:37.927"></status>
</kw>
<kw name="${ele} = &lt;selenium.webdriver.remote.webelement.WebElement (session=&quot;77daf293ad255e58a743c5974dd01abc&quot;, element=&quot;ea8c397f-7718-4604-863b-c0bd07ad7cdb&quot;)&gt;" type="foritem">
<kw name="Log To Console" library="BuiltIn">
<doc>Logs the given message to the console.</doc>
<arguments>
<arg>${ele.text}</arg>
</arguments>
<status status="PASS" starttime="20200527 16:54:37.927" endtime="20200527 16:54:37.936"></status>
</kw>
<kw name="Append To List" library="Collections">
<doc>Adds ``values`` to the end of ``list``.</doc>
<arguments>
<arg>${courses}</arg>
<arg>${ele.text}</arg>
</arguments>
<status status="PASS" starttime="20200527 16:54:37.936" endtime="20200527 16:54:37.942"></status>
</kw>
<status status="PASS" starttime="20200527 16:54:37.927" endtime="20200527 16:54:37.942"></status>
</kw>
<status status="PASS" starttime="20200527 16:54:37.908" endtime="20200527 16:54:37.942"></status>
</kw>
<msg timestamp="20200527 16:54:37.942" level="INFO">@{courselist} = [ 初中数学 | 初中语文 ]</msg>
<status status="PASS" starttime="20200527 16:54:36.412" endtime="20200527 16:54:37.942"></status>
</kw>
<kw name="Log To Console" library="BuiltIn">
<doc>Logs the given message to the console.</doc>
<arguments>
<arg>${courselist}</arg>
</arguments>
<status status="PASS" starttime="20200527 16:54:37.942" endtime="20200527 16:54:37.942"></status>
</kw>
<kw name="Should Be True" library="BuiltIn">
<doc>Fails if the given condition is not true.</doc>
<arguments>
<arg>$courselist==['初中数学','初中语文']</arg>
</arguments>
<status status="PASS" starttime="20200527 16:54:37.943" endtime="20200527 16:54:37.948"></status>
</kw>
<status status="PASS" starttime="20200527 16:54:36.182" endtime="20200527 16:54:37.949" critical="yes"></status>
</test>
<test id="s1-t2" name="case2">
<kw name="loginwebsite" library="rclib">
<kw name="Go To" library="SeleniumLibrary">
<doc>Navigates the current browser window to the provided ``url``.</doc>
<arguments>
<arg>${MgrLoginUrl}</arg>
</arguments>
<msg timestamp="20200527 16:54:37.963" level="INFO">Opening url 'http://localhost/mgr/login/login.html'</msg>
<status status="PASS" starttime="20200527 16:54:37.962" endtime="20200527 16:54:37.994"></status>
</kw>
<kw name="Set Selenium Implicit Wait" library="SeleniumLibrary">
<doc>Sets the implicit wait value used by Selenium.</doc>
<arguments>
<arg>10</arg>
</arguments>
<status status="PASS" starttime="20200527 16:54:37.994" endtime="20200527 16:54:37.995"></status>
</kw>
<kw name="Input Text" library="SeleniumLibrary">
<doc>Types the given ``text`` into the text field identified by ``locator``.</doc>
<arguments>
<arg>id=username</arg>
<arg>&amp;{adminuser}[name]</arg>
</arguments>
<msg timestamp="20200527 16:54:37.995" level="WARN">Accessing variable items using '&amp;{adminuser}[name]' syntax is deprecated. Use '${adminuser}[name]' instead.</msg>
<msg timestamp="20200527 16:54:37.996" level="INFO">Typing text 'auto' into text field 'id=username'.</msg>
<status status="PASS" starttime="20200527 16:54:37.995" endtime="20200527 16:54:38.061"></status>
</kw>
<kw name="Input Text" library="SeleniumLibrary">
<doc>Types the given ``text`` into the text field identified by ``locator``.</doc>
<arguments>
<arg>id=password</arg>
<arg>&amp;{adminuser}[pw]</arg>
</arguments>
<msg timestamp="20200527 16:54:38.061" level="WARN">Accessing variable items using '&amp;{adminuser}[pw]' syntax is deprecated. Use '${adminuser}[pw]' instead.</msg>
<msg timestamp="20200527 16:54:38.062" level="INFO">Typing text 'sdfsdfsdf' into text field 'id=password'.</msg>
<status status="PASS" starttime="20200527 16:54:38.061" endtime="20200527 16:54:38.136"></status>
</kw>
<kw name="Click Element" library="SeleniumLibrary">
<doc>Click the element identified by ``locator``.</doc>
<arguments>
<arg>css=.btn-success</arg>
</arguments>
<msg timestamp="20200527 16:54:38.136" level="INFO">Clicking element 'css=.btn-success'.</msg>
<status status="PASS" starttime="20200527 16:54:38.136" endtime="20200527 16:54:38.170"></status>
</kw>
<status status="PASS" starttime="20200527 16:54:37.962" endtime="20200527 16:54:38.170"></status>
</kw>
<kw name="Log To Console" library="BuiltIn">
<doc>Logs the given message to the console.</doc>
<arguments>
<arg>删除所有老师</arg>
</arguments>
<status status="PASS" starttime="20200527 16:54:38.170" endtime="20200527 16:54:38.170"></status>
</kw>
<kw name="DeleteAllTeacher" library="rclib">
<kw name="Click Element" library="SeleniumLibrary">
<doc>Click the element identified by ``locator``.</doc>
<arguments>
<arg>css=ul.nav a[ui-sref=teacher]</arg>
</arguments>
<msg timestamp="20200527 16:54:38.171" level="INFO">Clicking element 'css=ul.nav a[ui-sref=teacher]'.</msg>
<status status="PASS" starttime="20200527 16:54:38.171" endtime="20200527 16:54:38.353"></status>
</kw>
<kw name="Sleep" library="BuiltIn">
<doc>Pauses the test executed for the given time.</doc>
<arguments>
<arg>1</arg>
</arguments>
<msg timestamp="20200527 16:54:39.354" level="INFO">Slept 1 second</msg>
<status status="PASS" starttime="20200527 16:54:38.353" endtime="20200527 16:54:39.354"></status>
</kw>
<kw name="Set Selenium Implicit Wait" library="SeleniumLibrary">
<doc>Sets the implicit wait value used by Selenium.</doc>
<arguments>
<arg>2</arg>
</arguments>
<status status="PASS" starttime="20200527 16:54:39.354" endtime="20200527 16:54:39.355"></status>
</kw>
<kw name="${one} IN RANGE [ 20 ]" type="for">
<kw name="${one} = 0" type="foritem">
<kw name="Sleep" library="BuiltIn">
<doc>Pauses the test executed for the given time.</doc>
<arguments>
<arg>1</arg>
</arguments>
<msg timestamp="20200527 16:54:40.358" level="INFO">Slept 1 second</msg>
<status status="PASS" starttime="20200527 16:54:39.355" endtime="20200527 16:54:40.358"></status>
</kw>
<kw name="Get WebElement" library="SeleniumLibrary">
<doc>Returns the first WebElement matching the given ``locator``.</doc>
<arguments>
<arg>tag=html</arg>
</arguments>
<assign>
<var>${html}</var>
</assign>
<msg timestamp="20200527 16:54:40.367" level="INFO">${html} = &lt;selenium.webdriver.remote.webelement.WebElement (session="77daf293ad255e58a743c5974dd01abc", element="def535f0-6b2e-4d57-83e4-c6f9a10b6bc4")&gt;</msg>
<status status="PASS" starttime="20200527 16:54:40.358" endtime="20200527 16:54:40.367"></status>
</kw>
<kw name="Evaluate" library="BuiltIn">
<doc>Evaluates the given expression in Python and returns the result.</doc>
<arguments>
<arg>$html.find_elements_by_css_selector("*[ng-click^='delOne']")</arg>
</arguments>
<assign>
<var>${eles}</var>
</assign>
<msg timestamp="20200527 16:54:40.376" level="INFO">${eles} = [&lt;selenium.webdriver.remote.webelement.WebElement (session="77daf293ad255e58a743c5974dd01abc", element="6f629e30-4700-4ad9-8c7f-5792523fb189")&gt;, &lt;selenium.webdriver.remote.webelement.WebElement (sessi...</msg>
<status status="PASS" starttime="20200527 16:54:40.367" endtime="20200527 16:54:40.376"></status>
</kw>
<kw name="Exit For Loop If" library="BuiltIn">
<doc>Stops executing the enclosing for loop if the ``condition`` is true.</doc>
<arguments>
<arg>$eles==[]</arg>
</arguments>
<status status="PASS" starttime="20200527 16:54:40.377" endtime="20200527 16:54:40.377"></status>
</kw>
<kw name="Click Element" library="SeleniumLibrary">
<doc>Click the element identified by ``locator``.</doc>
<arguments>
<arg>${eles}[0]</arg>
</arguments>
<msg timestamp="20200527 16:54:40.377" level="INFO">Clicking element '&lt;selenium.webdriver.remote.webelement.WebElement (session="77daf293ad255e58a743c5974dd01abc", element="6f629e30-4700-4ad9-8c7f-5792523fb189")&gt;'.</msg>
<status status="PASS" starttime="20200527 16:54:40.377" endtime="20200527 16:54:40.409"></status>
</kw>
<kw name="Click Element" library="SeleniumLibrary">
<doc>Click the element identified by ``locator``.</doc>
<arguments>
<arg>css=.modal-footer .btn-primary</arg>
</arguments>
<msg timestamp="20200527 16:54:40.409" level="INFO">Clicking element 'css=.modal-footer .btn-primary'.</msg>
<status status="PASS" starttime="20200527 16:54:40.409" endtime="20200527 16:54:40.643"></status>
</kw>
<status status="PASS" starttime="20200527 16:54:39.355" endtime="20200527 16:54:40.643"></status>
</kw>
<kw name="${one} = 1" type="foritem">
<kw name="Sleep" library="BuiltIn">
<doc>Pauses the test executed for the given time.</doc>
<arguments>
<arg>1</arg>
</arguments>
<msg timestamp="20200527 16:54:41.644" level="INFO">Slept 1 second</msg>
<status status="PASS" starttime="20200527 16:54:40.643" endtime="20200527 16:54:41.644"></status>
</kw>
<kw name="Get WebElement" library="SeleniumLibrary">
<doc>Returns the first WebElement matching the given ``locator``.</doc>
<arguments>
<arg>tag=html</arg>
</arguments>
<assign>
<var>${html}</var>
</assign>
<msg timestamp="20200527 16:54:41.648" level="INFO">${html} = &lt;selenium.webdriver.remote.webelement.WebElement (session="77daf293ad255e58a743c5974dd01abc", element="def535f0-6b2e-4d57-83e4-c6f9a10b6bc4")&gt;</msg>
<status status="PASS" starttime="20200527 16:54:41.644" endtime="20200527 16:54:41.649"></status>
</kw>
<kw name="Evaluate" library="BuiltIn">
<doc>Evaluates the given expression in Python and returns the result.</doc>
<arguments>
<arg>$html.find_elements_by_css_selector("*[ng-click^='delOne']")</arg>
</arguments>
<assign>
<var>${eles}</var>
</assign>
<msg timestamp="20200527 16:54:41.652" level="INFO">${eles} = [&lt;selenium.webdriver.remote.webelement.WebElement (session="77daf293ad255e58a743c5974dd01abc", element="c3107c2f-90de-43af-a036-f136eb6c0123")&gt;]</msg>
<status status="PASS" starttime="20200527 16:54:41.649" endtime="20200527 16:54:41.652"></status>
</kw>
<kw name="Exit For Loop If" library="BuiltIn">
<doc>Stops executing the enclosing for loop if the ``condition`` is true.</doc>
<arguments>
<arg>$eles==[]</arg>
</arguments>
<status status="PASS" starttime="20200527 16:54:41.652" endtime="20200527 16:54:41.652"></status>
</kw>
<kw name="Click Element" library="SeleniumLibrary">
<doc>Click the element identified by ``locator``.</doc>
<arguments>
<arg>${eles}[0]</arg>
</arguments>
<msg timestamp="20200527 16:54:41.652" level="INFO">Clicking element '&lt;selenium.webdriver.remote.webelement.WebElement (session="77daf293ad255e58a743c5974dd01abc", element="c3107c2f-90de-43af-a036-f136eb6c0123")&gt;'.</msg>
<status status="PASS" starttime="20200527 16:54:41.652" endtime="20200527 16:54:41.677"></status>
</kw>
<kw name="Click Element" library="SeleniumLibrary">
<doc>Click the element identified by ``locator``.</doc>
<arguments>
<arg>css=.modal-footer .btn-primary</arg>
</arguments>
<msg timestamp="20200527 16:54:41.677" level="INFO">Clicking element 'css=.modal-footer .btn-primary'.</msg>
<status status="PASS" starttime="20200527 16:54:41.677" endtime="20200527 16:54:41.871"></status>
</kw>
<status status="PASS" starttime="20200527 16:54:40.643" endtime="20200527 16:54:41.871"></status>
</kw>
<kw name="${one} = 2" type="foritem">
<kw name="Sleep" library="BuiltIn">
<doc>Pauses the test executed for the given time.</doc>
<arguments>
<arg>1</arg>
</arguments>
<msg timestamp="20200527 16:54:42.872" level="INFO">Slept 1 second</msg>
<status status="PASS" starttime="20200527 16:54:41.871" endtime="20200527 16:54:42.872"></status>
</kw>
<kw name="Get WebElement" library="SeleniumLibrary">
<doc>Returns the first WebElement matching the given ``locator``.</doc>
<arguments>
<arg>tag=html</arg>
</arguments>
<assign>
<var>${html}</var>
</assign>
<msg timestamp="20200527 16:54:42.879" level="INFO">${html} = &lt;selenium.webdriver.remote.webelement.WebElement (session="77daf293ad255e58a743c5974dd01abc", element="def535f0-6b2e-4d57-83e4-c6f9a10b6bc4")&gt;</msg>
<status status="PASS" starttime="20200527 16:54:42.872" endtime="20200527 16:54:42.879"></status>
</kw>
<kw name="Evaluate" library="BuiltIn">
<doc>Evaluates the given expression in Python and returns the result.</doc>
<arguments>
<arg>$html.find_elements_by_css_selector("*[ng-click^='delOne']")</arg>
</arguments>
<assign>
<var>${eles}</var>
</assign>
<msg timestamp="20200527 16:54:44.910" level="INFO">${eles} = []</msg>
<status status="PASS" starttime="20200527 16:54:42.879" endtime="20200527 16:54:44.910"></status>
</kw>
<kw name="Exit For Loop If" library="BuiltIn">
<doc>Stops executing the enclosing for loop if the ``condition`` is true.</doc>
<arguments>
<arg>$eles==[]</arg>
</arguments>
<msg timestamp="20200527 16:54:44.911" level="INFO">Exiting for loop altogether.</msg>
<status status="PASS" starttime="20200527 16:54:44.911" endtime="20200527 16:54:44.911"></status>
</kw>
<status status="PASS" starttime="20200527 16:54:41.871" endtime="20200527 16:54:44.911"></status>
</kw>
<status status="PASS" starttime="20200527 16:54:39.355" endtime="20200527 16:54:44.911"></status>
</kw>
<kw name="Set Selenium Implicit Wait" library="SeleniumLibrary">
<doc>Sets the implicit wait value used by Selenium.</doc>
<arguments>
<arg>10</arg>
</arguments>
<status status="PASS" starttime="20200527 16:54:44.911" endtime="20200527 16:54:44.912"></status>
</kw>
<kw name="Click Element" library="SeleniumLibrary">
<doc>Click the element identified by ``locator``.</doc>
<arguments>
<arg>css=ul.nav a[ui-sref=teacher]</arg>
</arguments>
<msg timestamp="20200527 16:54:44.912" level="INFO">Clicking element 'css=ul.nav a[ui-sref=teacher]'.</msg>
<status status="PASS" starttime="20200527 16:54:44.912" endtime="20200527 16:54:44.930"></status>
</kw>
<kw name="Sleep" library="BuiltIn">
<doc>Pauses the test executed for the given time.</doc>
<arguments>
<arg>1</arg>
</arguments>
<msg timestamp="20200527 16:54:45.931" level="INFO">Slept 1 second</msg>
<status status="PASS" starttime="20200527 16:54:44.930" endtime="20200527 16:54:45.931"></status>
</kw>
<kw name="Set Selenium Implicit Wait" library="SeleniumLibrary">
<doc>Sets the implicit wait value used by Selenium.</doc>
<arguments>
<arg>2</arg>
</arguments>
<status status="PASS" starttime="20200527 16:54:45.931" endtime="20200527 16:54:45.932"></status>
</kw>
<kw name="${one} IN RANGE [ 20 ]" type="for">
<kw name="${one} = 0" type="foritem">
<kw name="Sleep" library="BuiltIn">
<doc>Pauses the test executed for the given time.</doc>
<arguments>
<arg>1</arg>
</arguments>
<msg timestamp="20200527 16:54:46.933" level="INFO">Slept 1 second</msg>
<status status="PASS" starttime="20200527 16:54:45.932" endtime="20200527 16:54:46.933"></status>
</kw>
<kw name="Get WebElement" library="SeleniumLibrary">
<doc>Returns the first WebElement matching the given ``locator``.</doc>
<arguments>
<arg>tag=html</arg>
</arguments>
<assign>
<var>${html}</var>
</assign>
<msg timestamp="20200527 16:54:46.938" level="INFO">${html} = &lt;selenium.webdriver.remote.webelement.WebElement (session="77daf293ad255e58a743c5974dd01abc", element="def535f0-6b2e-4d57-83e4-c6f9a10b6bc4")&gt;</msg>
<status status="PASS" starttime="20200527 16:54:46.933" endtime="20200527 16:54:46.938"></status>
</kw>
<kw name="Evaluate" library="BuiltIn">
<doc>Evaluates the given expression in Python and returns the result.</doc>
<arguments>
<arg>$html.find_elements_by_css_selector("*[ng-click^='delOne']")</arg>
</arguments>
<assign>
<var>${eles}</var>
</assign>
<msg timestamp="20200527 16:54:48.982" level="INFO">${eles} = []</msg>
<status status="PASS" starttime="20200527 16:54:46.938" endtime="20200527 16:54:48.982"></status>
</kw>
<kw name="Exit For Loop If" library="BuiltIn">
<doc>Stops executing the enclosing for loop if the ``condition`` is true.</doc>
<arguments>
<arg>$eles==[]</arg>
</arguments>
<msg timestamp="20200527 16:54:48.983" level="INFO">Exiting for loop altogether.</msg>
<status status="PASS" starttime="20200527 16:54:48.982" endtime="20200527 16:54:48.983"></status>
</kw>
<status status="PASS" starttime="20200527 16:54:45.932" endtime="20200527 16:54:48.983"></status>
</kw>
<status status="PASS" starttime="20200527 16:54:45.932" endtime="20200527 16:54:48.983"></status>
</kw>
<status status="PASS" starttime="20200527 16:54:38.171" endtime="20200527 16:54:48.983"></status>
</kw>
<status status="PASS" starttime="20200527 16:54:37.961" endtime="20200527 16:54:48.983" critical="yes"></status>
</test>
<test id="s1-t3" name="case3">
<kw name="loginwebsite" library="rclib">
<kw name="Go To" library="SeleniumLibrary">
<doc>Navigates the current browser window to the provided ``url``.</doc>
<arguments>
<arg>${MgrLoginUrl}</arg>
</arguments>
<msg timestamp="20200527 16:54:48.985" level="INFO">Opening url 'http://localhost/mgr/login/login.html'</msg>
<status status="PASS" starttime="20200527 16:54:48.985" endtime="20200527 16:54:49.026"></status>
</kw>
<kw name="Set Selenium Implicit Wait" library="SeleniumLibrary">
<doc>Sets the implicit wait value used by Selenium.</doc>
<arguments>
<arg>10</arg>
</arguments>
<status status="PASS" starttime="20200527 16:54:49.026" endtime="20200527 16:54:49.027"></status>
</kw>
<kw name="Input Text" library="SeleniumLibrary">
<doc>Types the given ``text`` into the text field identified by ``locator``.</doc>
<arguments>
<arg>id=username</arg>
<arg>&amp;{adminuser}[name]</arg>
</arguments>
<msg timestamp="20200527 16:54:49.028" level="WARN">Accessing variable items using '&amp;{adminuser}[name]' syntax is deprecated. Use '${adminuser}[name]' instead.</msg>
<msg timestamp="20200527 16:54:49.028" level="INFO">Typing text 'auto' into text field 'id=username'.</msg>
<status status="PASS" starttime="20200527 16:54:49.027" endtime="20200527 16:54:49.097"></status>
</kw>
<kw name="Input Text" library="SeleniumLibrary">
<doc>Types the given ``text`` into the text field identified by ``locator``.</doc>
<arguments>
<arg>id=password</arg>
<arg>&amp;{adminuser}[pw]</arg>
</arguments>
<msg timestamp="20200527 16:54:49.097" level="WARN">Accessing variable items using '&amp;{adminuser}[pw]' syntax is deprecated. Use '${adminuser}[pw]' instead.</msg>
<msg timestamp="20200527 16:54:49.098" level="INFO">Typing text 'sdfsdfsdf' into text field 'id=password'.</msg>
<status status="PASS" starttime="20200527 16:54:49.097" endtime="20200527 16:54:49.170"></status>
</kw>
<kw name="Click Element" library="SeleniumLibrary">
<doc>Click the element identified by ``locator``.</doc>
<arguments>
<arg>css=.btn-success</arg>
</arguments>
<msg timestamp="20200527 16:54:49.170" level="INFO">Clicking element 'css=.btn-success'.</msg>
<status status="PASS" starttime="20200527 16:54:49.170" endtime="20200527 16:54:49.204"></status>
</kw>
<status status="PASS" starttime="20200527 16:54:48.984" endtime="20200527 16:54:49.205"></status>
</kw>
<kw name="addteacher" library="rclib">
<arguments>
<arg>123</arg>
<arg>234</arg>
<arg>2323</arg>
<arg>1</arg>
<arg>初中语文</arg>
</arguments>
<kw name="Click Element" library="SeleniumLibrary">
<doc>Click the element identified by ``locator``.</doc>
<arguments>
<arg>css=ul.nav a[href*=teacher]</arg>
</arguments>
<msg timestamp="20200527 16:54:49.206" level="INFO">Clicking element 'css=ul.nav a[href*=teacher]'.</msg>
<status status="PASS" starttime="20200527 16:54:49.205" endtime="20200527 16:54:49.404"></status>
</kw>
<kw name="Sleep" library="BuiltIn">
<doc>Pauses the test executed for the given time.</doc>
<arguments>
<arg>1</arg>
</arguments>
<msg timestamp="20200527 16:54:50.405" level="INFO">Slept 1 second</msg>
<status status="PASS" starttime="20200527 16:54:49.404" endtime="20200527 16:54:50.405"></status>
</kw>
<kw name="Click Element" library="SeleniumLibrary">
<doc>Click the element identified by ``locator``.</doc>
<arguments>
<arg>css=button[ng-click^=showAddOne]</arg>
</arguments>
<msg timestamp="20200527 16:54:50.405" level="INFO">Clicking element 'css=button[ng-click^=showAddOne]'.</msg>
<status status="PASS" starttime="20200527 16:54:50.405" endtime="20200527 16:54:50.448"></status>
</kw>
<kw name="Input Text" library="SeleniumLibrary">
<doc>Types the given ``text`` into the text field identified by ``locator``.</doc>
<arguments>
<arg>css=input[ng-model='addEditData.realname']</arg>
<arg>${realname}</arg>
</arguments>
<msg timestamp="20200527 16:54:50.448" level="INFO">Typing text '123' into text field 'css=input[ng-model='addEditData.realname']'.</msg>
<status status="PASS" starttime="20200527 16:54:50.448" endtime="20200527 16:54:50.514"></status>
</kw>
<kw name="Input Text" library="SeleniumLibrary">
<doc>Types the given ``text`` into the text field identified by ``locator``.</doc>
<arguments>
<arg>css=input[ng-model='addEditData.username']</arg>
<arg>${username}</arg>
</arguments>
<msg timestamp="20200527 16:54:50.514" level="INFO">Typing text '234' into text field 'css=input[ng-model='addEditData.username']'.</msg>
<status status="PASS" starttime="20200527 16:54:50.514" endtime="20200527 16:54:50.571"></status>
</kw>
<kw name="Input Text" library="SeleniumLibrary">
<doc>Types the given ``text`` into the text field identified by ``locator``.</doc>
<arguments>
<arg>css=textarea[ng-model='addEditData.desc']</arg>
<arg>${desc}</arg>
</arguments>
<msg timestamp="20200527 16:54:50.571" level="INFO">Typing text '2323' into text field 'css=textarea[ng-model='addEditData.desc']'.</msg>
<status status="PASS" starttime="20200527 16:54:50.571" endtime="20200527 16:54:50.628"></status>
</kw>
<kw name="Input Text" library="SeleniumLibrary">
<doc>Types the given ``text`` into the text field identified by ``locator``.</doc>
<arguments>
<arg>css=input[ng-model='addEditData.display_idx']</arg>
<arg>${idx}</arg>
</arguments>
<msg timestamp="20200527 16:54:50.629" level="INFO">Typing text '1' into text field 'css=input[ng-model='addEditData.display_idx']'.</msg>
<status status="PASS" starttime="20200527 16:54:50.628" endtime="20200527 16:54:50.686"></status>
</kw>
<kw name="Select From List By Label" library="SeleniumLibrary">
<doc>Selects options from selection list ``locator`` by ``labels``.</doc>
<arguments>
<arg>css=select[ng-model*=courseSelected]</arg>
<arg>${lesson}</arg>
</arguments>
<msg timestamp="20200527 16:54:50.687" level="INFO">Selecting options from selection list 'css=select[ng-model*=courseSelected]' by label 初中语文.</msg>
<status status="PASS" starttime="20200527 16:54:50.686" endtime="20200527 16:54:50.731"></status>
</kw>
<kw name="Click Element" library="SeleniumLibrary">
<doc>Click the element identified by ``locator``.</doc>
<arguments>
<arg>css=button[ng-click*=addTeachCourse]</arg>
</arguments>
<msg timestamp="20200527 16:54:50.732" level="INFO">Clicking element 'css=button[ng-click*=addTeachCourse]'.</msg>
<status status="PASS" starttime="20200527 16:54:50.731" endtime="20200527 16:54:50.763"></status>
</kw>
<kw name="Click Element" library="SeleniumLibrary">
<doc>Click the element identified by ``locator``.</doc>
<arguments>
<arg>css=button[ng-click^=addOne]</arg>
</arguments>
<msg timestamp="20200527 16:54:50.763" level="INFO">Clicking element 'css=button[ng-click^=addOne]'.</msg>
<status status="PASS" starttime="20200527 16:54:50.763" endtime="20200527 16:54:50.811"></status>
</kw>
<kw name="Sleep" library="BuiltIn">
<doc>Pauses the test executed for the given time.</doc>
<arguments>
<arg>1</arg>
</arguments>
<msg timestamp="20200527 16:54:51.813" level="INFO">Slept 1 second</msg>
<status status="PASS" starttime="20200527 16:54:50.812" endtime="20200527 16:54:51.813"></status>
</kw>
<status status="PASS" starttime="20200527 16:54:49.205" endtime="20200527 16:54:51.813"></status>
</kw>
<status status="PASS" starttime="20200527 16:54:48.984" endtime="20200527 16:54:51.814" critical="yes"></status>
</test>
<test id="s1-t4" name="case4">
<kw name="loginwebsite" library="rclib">
<kw name="Go To" library="SeleniumLibrary">
<doc>Navigates the current browser window to the provided ``url``.</doc>
<arguments>
<arg>${MgrLoginUrl}</arg>
</arguments>
<msg timestamp="20200527 16:54:51.816" level="INFO">Opening url 'http://localhost/mgr/login/login.html'</msg>
<status status="PASS" starttime="20200527 16:54:51.816" endtime="20200527 16:54:51.853"></status>
</kw>
<kw name="Set Selenium Implicit Wait" library="SeleniumLibrary">
<doc>Sets the implicit wait value used by Selenium.</doc>
<arguments>
<arg>10</arg>
</arguments>
<status status="PASS" starttime="20200527 16:54:51.853" endtime="20200527 16:54:51.854"></status>
</kw>
<kw name="Input Text" library="SeleniumLibrary">
<doc>Types the given ``text`` into the text field identified by ``locator``.</doc>
<arguments>
<arg>id=username</arg>
<arg>&amp;{adminuser}[name]</arg>
</arguments>
<msg timestamp="20200527 16:54:51.854" level="WARN">Accessing variable items using '&amp;{adminuser}[name]' syntax is deprecated. Use '${adminuser}[name]' instead.</msg>
<msg timestamp="20200527 16:54:51.855" level="INFO">Typing text 'auto' into text field 'id=username'.</msg>
<status status="PASS" starttime="20200527 16:54:51.854" endtime="20200527 16:54:51.929"></status>
</kw>
<kw name="Input Text" library="SeleniumLibrary">
<doc>Types the given ``text`` into the text field identified by ``locator``.</doc>
<arguments>
<arg>id=password</arg>
<arg>&amp;{adminuser}[pw]</arg>
</arguments>
<msg timestamp="20200527 16:54:51.929" level="WARN">Accessing variable items using '&amp;{adminuser}[pw]' syntax is deprecated. Use '${adminuser}[pw]' instead.</msg>
<msg timestamp="20200527 16:54:51.930" level="INFO">Typing text 'sdfsdfsdf' into text field 'id=password'.</msg>
<status status="PASS" starttime="20200527 16:54:51.929" endtime="20200527 16:54:52.002"></status>
</kw>
<kw name="Click Element" library="SeleniumLibrary">
<doc>Click the element identified by ``locator``.</doc>
<arguments>
<arg>css=.btn-success</arg>
</arguments>
<msg timestamp="20200527 16:54:52.003" level="INFO">Clicking element 'css=.btn-success'.</msg>
<status status="PASS" starttime="20200527 16:54:52.003" endtime="20200527 16:54:52.046"></status>
</kw>
<status status="PASS" starttime="20200527 16:54:51.816" endtime="20200527 16:54:52.046"></status>
</kw>
<kw name="addteacher" library="rclib">
<arguments>
<arg>1233</arg>
<arg>2343</arg>
<arg>2323</arg>
<arg>2</arg>
<arg>初中数学</arg>
</arguments>
<kw name="Click Element" library="SeleniumLibrary">
<doc>Click the element identified by ``locator``.</doc>
<arguments>
<arg>css=ul.nav a[href*=teacher]</arg>
</arguments>
<msg timestamp="20200527 16:54:52.047" level="INFO">Clicking element 'css=ul.nav a[href*=teacher]'.</msg>
<status status="PASS" starttime="20200527 16:54:52.047" endtime="20200527 16:54:52.234"></status>
</kw>
<kw name="Sleep" library="BuiltIn">
<doc>Pauses the test executed for the given time.</doc>
<arguments>
<arg>1</arg>
</arguments>
<msg timestamp="20200527 16:54:53.235" level="INFO">Slept 1 second</msg>
<status status="PASS" starttime="20200527 16:54:52.235" endtime="20200527 16:54:53.235"></status>
</kw>
<kw name="Click Element" library="SeleniumLibrary">
<doc>Click the element identified by ``locator``.</doc>
<arguments>
<arg>css=button[ng-click^=showAddOne]</arg>
</arguments>
<msg timestamp="20200527 16:54:53.235" level="INFO">Clicking element 'css=button[ng-click^=showAddOne]'.</msg>
<status status="PASS" starttime="20200527 16:54:53.235" endtime="20200527 16:54:53.269"></status>
</kw>
<kw name="Input Text" library="SeleniumLibrary">
<doc>Types the given ``text`` into the text field identified by ``locator``.</doc>
<arguments>
<arg>css=input[ng-model='addEditData.realname']</arg>
<arg>${realname}</arg>
</arguments>
<msg timestamp="20200527 16:54:53.270" level="INFO">Typing text '1233' into text field 'css=input[ng-model='addEditData.realname']'.</msg>
<status status="PASS" starttime="20200527 16:54:53.269" endtime="20200527 16:54:53.332"></status>
</kw>
<kw name="Input Text" library="SeleniumLibrary">
<doc>Types the given ``text`` into the text field identified by ``locator``.</doc>
<arguments>
<arg>css=input[ng-model='addEditData.username']</arg>
<arg>${username}</arg>
</arguments>
<msg timestamp="20200527 16:54:53.332" level="INFO">Typing text '2343' into text field 'css=input[ng-model='addEditData.username']'.</msg>
<status status="PASS" starttime="20200527 16:54:53.332" endtime="20200527 16:54:53.386"></status>
</kw>
<kw name="Input Text" library="SeleniumLibrary">
<doc>Types the given ``text`` into the text field identified by ``locator``.</doc>
<arguments>
<arg>css=textarea[ng-model='addEditData.desc']</arg>
<arg>${desc}</arg>
</arguments>
<msg timestamp="20200527 16:54:53.386" level="INFO">Typing text '2323' into text field 'css=textarea[ng-model='addEditData.desc']'.</msg>
<status status="PASS" starttime="20200527 16:54:53.386" endtime="20200527 16:54:53.442"></status>
</kw>
<kw name="Input Text" library="SeleniumLibrary">
<doc>Types the given ``text`` into the text field identified by ``locator``.</doc>
<arguments>
<arg>css=input[ng-model='addEditData.display_idx']</arg>
<arg>${idx}</arg>
</arguments>
<msg timestamp="20200527 16:54:53.442" level="INFO">Typing text '2' into text field 'css=input[ng-model='addEditData.display_idx']'.</msg>
<status status="PASS" starttime="20200527 16:54:53.442" endtime="20200527 16:54:53.495"></status>
</kw>
<kw name="Select From List By Label" library="SeleniumLibrary">
<doc>Selects options from selection list ``locator`` by ``labels``.</doc>
<arguments>
<arg>css=select[ng-model*=courseSelected]</arg>
<arg>${lesson}</arg>
</arguments>
<msg timestamp="20200527 16:54:53.496" level="INFO">Selecting options from selection list 'css=select[ng-model*=courseSelected]' by label 初中数学.</msg>
<status status="PASS" starttime="20200527 16:54:53.496" endtime="20200527 16:54:53.535"></status>
</kw>
<kw name="Click Element" library="SeleniumLibrary">
<doc>Click the element identified by ``locator``.</doc>
<arguments>
<arg>css=button[ng-click*=addTeachCourse]</arg>
</arguments>
<msg timestamp="20200527 16:54:53.535" level="INFO">Clicking element 'css=button[ng-click*=addTeachCourse]'.</msg>
<status status="PASS" starttime="20200527 16:54:53.535" endtime="20200527 16:54:53.579"></status>
</kw>
<kw name="Click Element" library="SeleniumLibrary">
<doc>Click the element identified by ``locator``.</doc>
<arguments>
<arg>css=button[ng-click^=addOne]</arg>
</arguments>
<msg timestamp="20200527 16:54:53.579" level="INFO">Clicking element 'css=button[ng-click^=addOne]'.</msg>
<status status="PASS" starttime="20200527 16:54:53.579" endtime="20200527 16:54:53.612"></status>
</kw>
<kw name="Sleep" library="BuiltIn">
<doc>Pauses the test executed for the given time.</doc>
<arguments>
<arg>1</arg>
</arguments>
<msg timestamp="20200527 16:54:54.613" level="INFO">Slept 1 second</msg>
<status status="PASS" starttime="20200527 16:54:53.612" endtime="20200527 16:54:54.613"></status>
</kw>
<status status="PASS" starttime="20200527 16:54:52.046" endtime="20200527 16:54:54.613"></status>
</kw>
<status status="PASS" starttime="20200527 16:54:51.815" endtime="20200527 16:54:54.614" critical="yes"></status>
</test>
<kw name="TearDown WebTest" library="rclib" type="teardown">
<kw name="Close Browser" library="SeleniumLibrary">
<doc>Closes the current browser.</doc>
<status status="PASS" starttime="20200527 16:54:54.615" endtime="20200527 16:54:56.711"></status>
</kw>
<status status="PASS" starttime="20200527 16:54:54.615" endtime="20200527 16:54:56.711"></status>
</kw>
<status status="PASS" starttime="20200527 16:54:32.320" endtime="20200527 16:54:56.711"></status>
</suite>
<statistics>
<total>
<stat pass="4" fail="0">Critical Tests</stat>
<stat pass="4" fail="0">All Tests</stat>
</total>
<tag>
</tag>
<suite>
<stat pass="4" fail="0" id="s1" name="Addteacher">Addteacher</stat>
</suite>
</statistics>
<errors>
<msg timestamp="20200527 16:54:36.232" level="WARN">Accessing variable items using '&amp;{adminuser}[name]' syntax is deprecated. Use '${adminuser}[name]' instead.</msg>
<msg timestamp="20200527 16:54:36.304" level="WARN">Accessing variable items using '&amp;{adminuser}[pw]' syntax is deprecated. Use '${adminuser}[pw]' instead.</msg>
<msg timestamp="20200527 16:54:37.995" level="WARN">Accessing variable items using '&amp;{adminuser}[name]' syntax is deprecated. Use '${adminuser}[name]' instead.</msg>
<msg timestamp="20200527 16:54:38.061" level="WARN">Accessing variable items using '&amp;{adminuser}[pw]' syntax is deprecated. Use '${adminuser}[pw]' instead.</msg>
<msg timestamp="20200527 16:54:49.028" level="WARN">Accessing variable items using '&amp;{adminuser}[name]' syntax is deprecated. Use '${adminuser}[name]' instead.</msg>
<msg timestamp="20200527 16:54:49.097" level="WARN">Accessing variable items using '&amp;{adminuser}[pw]' syntax is deprecated. Use '${adminuser}[pw]' instead.</msg>
<msg timestamp="20200527 16:54:51.854" level="WARN">Accessing variable items using '&amp;{adminuser}[name]' syntax is deprecated. Use '${adminuser}[name]' instead.</msg>
<msg timestamp="20200527 16:54:51.929" level="WARN">Accessing variable items using '&amp;{adminuser}[pw]' syntax is deprecated. Use '${adminuser}[pw]' instead.</msg>
</errors>
</robot>
