<?xml version="1.0" encoding="UTF-8"?>
<robot generator="Robot 3.2.1 (Python 3.6.5 on win32)" generated="20200525 10:53:11.744" rpa="false">
<suite id="s1" name="T1" source="F:\PycharmProjects\untitled\rf1222\day4\t1.robot">
<test id="s1-t1" name="测试1">
<kw name="Delete All Lesson" library="course" type="setup">
<status status="PASS" starttime="20200525 10:53:11.942" endtime="20200525 10:53:18.877"></status>
</kw>
<kw name="loginWebSite">
<arguments>
<arg>auto</arg>
<arg>sdfsdfsdf</arg>
</arguments>
<kw name="Open Browser" library="SeleniumLibrary">
<doc>Opens a new browser instance to the optional ``url``.</doc>
<arguments>
<arg>http://localhost/mgr/login/login.html</arg>
<arg>Chrome</arg>
</arguments>
<msg timestamp="20200525 10:53:18.879" level="INFO">Opening browser 'Chrome' to base url 'http://localhost/mgr/login/login.html'.</msg>
<status status="PASS" starttime="20200525 10:53:18.879" endtime="20200525 10:53:22.545"></status>
</kw>
<kw name="Set Selenium Implicit Wait" library="SeleniumLibrary">
<doc>Sets the implicit wait value used by Selenium.</doc>
<arguments>
<arg>10</arg>
</arguments>
<status status="PASS" starttime="20200525 10:53:22.545" endtime="20200525 10:53:22.546"></status>
</kw>
<kw name="Input Text" library="SeleniumLibrary">
<doc>Types the given ``text`` into the text field identified by ``locator``.</doc>
<arguments>
<arg>id=username</arg>
<arg>${username}</arg>
</arguments>
<msg timestamp="20200525 10:53:22.547" level="INFO">Typing text 'auto' into text field 'id=username'.</msg>
<status status="PASS" starttime="20200525 10:53:22.546" endtime="20200525 10:53:22.629"></status>
</kw>
<kw name="Input Text" library="SeleniumLibrary">
<doc>Types the given ``text`` into the text field identified by ``locator``.</doc>
<arguments>
<arg>id=password</arg>
<arg>${password}</arg>
</arguments>
<msg timestamp="20200525 10:53:22.630" level="INFO">Typing text 'sdfsdfsdf' into text field 'id=password'.</msg>
<status status="PASS" starttime="20200525 10:53:22.629" endtime="20200525 10:53:22.710"></status>
</kw>
<kw name="Click Element" library="SeleniumLibrary">
<doc>Click the element identified by ``locator``.</doc>
<arguments>
<arg>css=.btn-success</arg>
</arguments>
<msg timestamp="20200525 10:53:22.710" level="INFO">Clicking element 'css=.btn-success'.</msg>
<status status="PASS" starttime="20200525 10:53:22.710" endtime="20200525 10:53:22.747"></status>
</kw>
<status status="PASS" starttime="20200525 10:53:18.878" endtime="20200525 10:53:22.747"></status>
</kw>
<kw name="addCourse">
<arguments>
<arg>robotframework</arg>
<arg>robot</arg>
<arg>1</arg>
</arguments>
<kw name="Click Element" library="SeleniumLibrary">
<doc>Click the element identified by ``locator``.</doc>
<arguments>
<arg>css=[ng-click="showAddOne=true"]</arg>
</arguments>
<msg timestamp="20200525 10:53:22.748" level="INFO">Clicking element 'css=[ng-click="showAddOne=true"]'.</msg>
<status status="PASS" starttime="20200525 10:53:22.748" endtime="20200525 10:53:23.251"></status>
</kw>
<kw name="Input Text" library="SeleniumLibrary">
<doc>Types the given ``text`` into the text field identified by ``locator``.</doc>
<arguments>
<arg>css=[ng-model="addData.name"]</arg>
<arg>${name}</arg>
</arguments>
<msg timestamp="20200525 10:53:23.251" level="INFO">Typing text 'robotframework' into text field 'css=[ng-model="addData.name"]'.</msg>
<status status="PASS" starttime="20200525 10:53:23.251" endtime="20200525 10:53:23.349"></status>
</kw>
<kw name="Input Text" library="SeleniumLibrary">
<doc>Types the given ``text`` into the text field identified by ``locator``.</doc>
<arguments>
<arg>css=[ng-model="addData.desc"]</arg>
<arg>${desc}</arg>
</arguments>
<msg timestamp="20200525 10:53:23.349" level="INFO">Typing text 'robot' into text field 'css=[ng-model="addData.desc"]'.</msg>
<status status="PASS" starttime="20200525 10:53:23.349" endtime="20200525 10:53:23.407"></status>
</kw>
<kw name="Input Text" library="SeleniumLibrary">
<doc>Types the given ``text`` into the text field identified by ``locator``.</doc>
<arguments>
<arg>css=[ng-model="addData.display_idx"]</arg>
<arg>${idx}</arg>
</arguments>
<msg timestamp="20200525 10:53:23.407" level="INFO">Typing text '1' into text field 'css=[ng-model="addData.display_idx"]'.</msg>
<status status="PASS" starttime="20200525 10:53:23.407" endtime="20200525 10:53:23.470"></status>
</kw>
<kw name="Click Element" library="SeleniumLibrary">
<doc>Click the element identified by ``locator``.</doc>
<arguments>
<arg>css=[ng-click="addOne()"]</arg>
</arguments>
<msg timestamp="20200525 10:53:23.470" level="INFO">Clicking element 'css=[ng-click="addOne()"]'.</msg>
<status status="PASS" starttime="20200525 10:53:23.470" endtime="20200525 10:53:23.514"></status>
</kw>
<status status="PASS" starttime="20200525 10:53:22.748" endtime="20200525 10:53:23.514"></status>
</kw>
<kw name="checkCourse">
<arguments>
<arg>robotframework</arg>
</arguments>
<kw name="Get WebElements" library="SeleniumLibrary">
<doc>Returns a list of WebElement objects matching the ``locator``.</doc>
<arguments>
<arg>css=tr td:nth-child(2)</arg>
</arguments>
<assign>
<var>${eles}</var>
</assign>
<msg timestamp="20200525 10:53:23.631" level="INFO">${eles} = [&lt;selenium.webdriver.remote.webelement.WebElement (session="27039a2386e06ac80d3b19d7345fed4c", element="790d97d7-cb52-4321-8a77-d755efecc777")&gt;]</msg>
<status status="PASS" starttime="20200525 10:53:23.515" endtime="20200525 10:53:23.631"></status>
</kw>
<kw name="Evaluate" library="BuiltIn">
<doc>Evaluates the given expression in Python and returns the result.</doc>
<arguments>
<arg>[ele.text for ele in $eles]</arg>
</arguments>
<assign>
<var>${course}</var>
</assign>
<msg timestamp="20200525 10:53:23.647" level="INFO">${course} = ['robotframework']</msg>
<status status="PASS" starttime="20200525 10:53:23.631" endtime="20200525 10:53:23.647"></status>
</kw>
<kw name="Should Be True" library="BuiltIn">
<doc>Fails if the given condition is not true.</doc>
<arguments>
<arg>$expect in $course</arg>
</arguments>
<status status="PASS" starttime="20200525 10:53:23.647" endtime="20200525 10:53:23.647"></status>
</kw>
<status status="PASS" starttime="20200525 10:53:23.515" endtime="20200525 10:53:23.647"></status>
</kw>
<kw name="Close Browser" library="SeleniumLibrary">
<doc>Closes the current browser.</doc>
<status status="PASS" starttime="20200525 10:53:23.648" endtime="20200525 10:53:25.730"></status>
</kw>
<kw name="Delete All Lesson" library="course" type="teardown">
<status status="PASS" starttime="20200525 10:53:25.731" endtime="20200525 10:53:34.544"></status>
</kw>
<status status="PASS" starttime="20200525 10:53:11.940" endtime="20200525 10:53:34.545" critical="yes"></status>
</test>
<test id="s1-t2" name="测试2">
<kw name="Delete All Lesson" library="course" type="setup">
<status status="PASS" starttime="20200525 10:53:34.547" endtime="20200525 10:53:42.633"></status>
</kw>
<kw name="loginWebSite">
<arguments>
<arg>auto</arg>
<arg>sdfsdfsdf</arg>
</arguments>
<kw name="Open Browser" library="SeleniumLibrary">
<doc>Opens a new browser instance to the optional ``url``.</doc>
<arguments>
<arg>http://localhost/mgr/login/login.html</arg>
<arg>Chrome</arg>
</arguments>
<msg timestamp="20200525 10:53:42.634" level="INFO">Opening browser 'Chrome' to base url 'http://localhost/mgr/login/login.html'.</msg>
<status status="PASS" starttime="20200525 10:53:42.634" endtime="20200525 10:53:46.273"></status>
</kw>
<kw name="Set Selenium Implicit Wait" library="SeleniumLibrary">
<doc>Sets the implicit wait value used by Selenium.</doc>
<arguments>
<arg>10</arg>
</arguments>
<status status="PASS" starttime="20200525 10:53:46.273" endtime="20200525 10:53:46.274"></status>
</kw>
<kw name="Input Text" library="SeleniumLibrary">
<doc>Types the given ``text`` into the text field identified by ``locator``.</doc>
<arguments>
<arg>id=username</arg>
<arg>${username}</arg>
</arguments>
<msg timestamp="20200525 10:53:46.274" level="INFO">Typing text 'auto' into text field 'id=username'.</msg>
<status status="PASS" starttime="20200525 10:53:46.274" endtime="20200525 10:53:46.351"></status>
</kw>
<kw name="Input Text" library="SeleniumLibrary">
<doc>Types the given ``text`` into the text field identified by ``locator``.</doc>
<arguments>
<arg>id=password</arg>
<arg>${password}</arg>
</arguments>
<msg timestamp="20200525 10:53:46.352" level="INFO">Typing text 'sdfsdfsdf' into text field 'id=password'.</msg>
<status status="PASS" starttime="20200525 10:53:46.351" endtime="20200525 10:53:46.425"></status>
</kw>
<kw name="Click Element" library="SeleniumLibrary">
<doc>Click the element identified by ``locator``.</doc>
<arguments>
<arg>css=.btn-success</arg>
</arguments>
<msg timestamp="20200525 10:53:46.425" level="INFO">Clicking element 'css=.btn-success'.</msg>
<status status="PASS" starttime="20200525 10:53:46.425" endtime="20200525 10:53:46.465"></status>
</kw>
<status status="PASS" starttime="20200525 10:53:42.634" endtime="20200525 10:53:46.465"></status>
</kw>
<kw name="addCourse">
<arguments>
<arg>selenium</arg>
<arg>webUI自动化</arg>
<arg>2</arg>
</arguments>
<kw name="Click Element" library="SeleniumLibrary">
<doc>Click the element identified by ``locator``.</doc>
<arguments>
<arg>css=[ng-click="showAddOne=true"]</arg>
</arguments>
<msg timestamp="20200525 10:53:46.466" level="INFO">Clicking element 'css=[ng-click="showAddOne=true"]'.</msg>
<status status="PASS" starttime="20200525 10:53:46.466" endtime="20200525 10:53:46.968"></status>
</kw>
<kw name="Input Text" library="SeleniumLibrary">
<doc>Types the given ``text`` into the text field identified by ``locator``.</doc>
<arguments>
<arg>css=[ng-model="addData.name"]</arg>
<arg>${name}</arg>
</arguments>
<msg timestamp="20200525 10:53:46.969" level="INFO">Typing text 'selenium' into text field 'css=[ng-model="addData.name"]'.</msg>
<status status="PASS" starttime="20200525 10:53:46.968" endtime="20200525 10:53:47.062"></status>
</kw>
<kw name="Input Text" library="SeleniumLibrary">
<doc>Types the given ``text`` into the text field identified by ``locator``.</doc>
<arguments>
<arg>css=[ng-model="addData.desc"]</arg>
<arg>${desc}</arg>
</arguments>
<msg timestamp="20200525 10:53:47.062" level="INFO">Typing text 'webUI自动化' into text field 'css=[ng-model="addData.desc"]'.</msg>
<status status="PASS" starttime="20200525 10:53:47.062" endtime="20200525 10:53:47.136"></status>
</kw>
<kw name="Input Text" library="SeleniumLibrary">
<doc>Types the given ``text`` into the text field identified by ``locator``.</doc>
<arguments>
<arg>css=[ng-model="addData.display_idx"]</arg>
<arg>${idx}</arg>
</arguments>
<msg timestamp="20200525 10:53:47.136" level="INFO">Typing text '2' into text field 'css=[ng-model="addData.display_idx"]'.</msg>
<status status="PASS" starttime="20200525 10:53:47.136" endtime="20200525 10:53:47.198"></status>
</kw>
<kw name="Click Element" library="SeleniumLibrary">
<doc>Click the element identified by ``locator``.</doc>
<arguments>
<arg>css=[ng-click="addOne()"]</arg>
</arguments>
<msg timestamp="20200525 10:53:47.199" level="INFO">Clicking element 'css=[ng-click="addOne()"]'.</msg>
<status status="PASS" starttime="20200525 10:53:47.198" endtime="20200525 10:53:47.250"></status>
</kw>
<status status="PASS" starttime="20200525 10:53:46.466" endtime="20200525 10:53:47.250"></status>
</kw>
<kw name="checkCourse">
<arguments>
<arg>selenium</arg>
</arguments>
<kw name="Get WebElements" library="SeleniumLibrary">
<doc>Returns a list of WebElement objects matching the ``locator``.</doc>
<arguments>
<arg>css=tr td:nth-child(2)</arg>
</arguments>
<assign>
<var>${eles}</var>
</assign>
<msg timestamp="20200525 10:53:47.367" level="INFO">${eles} = [&lt;selenium.webdriver.remote.webelement.WebElement (session="1cfd0dcf39ff1e4fe235624e644a0623", element="50c28109-89ff-4904-b146-cad48d3ff0d2")&gt;]</msg>
<status status="PASS" starttime="20200525 10:53:47.251" endtime="20200525 10:53:47.367"></status>
</kw>
<kw name="Evaluate" library="BuiltIn">
<doc>Evaluates the given expression in Python and returns the result.</doc>
<arguments>
<arg>[ele.text for ele in $eles]</arg>
</arguments>
<assign>
<var>${course}</var>
</assign>
<msg timestamp="20200525 10:53:47.379" level="INFO">${course} = ['selenium']</msg>
<status status="PASS" starttime="20200525 10:53:47.367" endtime="20200525 10:53:47.379"></status>
</kw>
<kw name="Should Be True" library="BuiltIn">
<doc>Fails if the given condition is not true.</doc>
<arguments>
<arg>$expect in $course</arg>
</arguments>
<status status="PASS" starttime="20200525 10:53:47.379" endtime="20200525 10:53:47.379"></status>
</kw>
<status status="PASS" starttime="20200525 10:53:47.251" endtime="20200525 10:53:47.380"></status>
</kw>
<kw name="Close Browser" library="SeleniumLibrary">
<doc>Closes the current browser.</doc>
<status status="PASS" starttime="20200525 10:53:47.380" endtime="20200525 10:53:49.470"></status>
</kw>
<kw name="Delete All Lesson" library="course" type="teardown">
<status status="PASS" starttime="20200525 10:53:49.470" endtime="20200525 10:53:58.308"></status>
</kw>
<status status="PASS" starttime="20200525 10:53:34.547" endtime="20200525 10:53:58.308" critical="yes"></status>
</test>
<test id="s1-t3" name="case001">
<kw name="getCourse">
<assign>
<var>${res}</var>
</assign>
<kw name="Get WebElements" library="SeleniumLibrary">
<doc>Returns a list of WebElement objects matching the ``locator``.</doc>
<arguments>
<arg>css=tr td:nth-child(2)</arg>
</arguments>
<assign>
<var>${eles}</var>
</assign>
<kw name="Capture Page Screenshot" library="SeleniumLibrary">
<doc>Takes a screenshot of the current page and embeds it into a log file.</doc>
<msg timestamp="20200525 10:53:58.311" level="INFO">Cannot capture screenshot because no browser is open.</msg>
<status status="PASS" starttime="20200525 10:53:58.311" endtime="20200525 10:53:58.311"></status>
</kw>
<msg timestamp="20200525 10:53:58.323" level="FAIL">No browser is open.</msg>
<status status="FAIL" starttime="20200525 10:53:58.310" endtime="20200525 10:53:58.323"></status>
</kw>
<status status="FAIL" starttime="20200525 10:53:58.310" endtime="20200525 10:53:58.323"></status>
</kw>
<status status="FAIL" starttime="20200525 10:53:58.309" endtime="20200525 10:53:58.323" critical="yes">No browser is open.</status>
</test>
<status status="FAIL" starttime="20200525 10:53:11.745" endtime="20200525 10:53:58.332"></status>
</suite>
<statistics>
<total>
<stat pass="2" fail="1">Critical Tests</stat>
<stat pass="2" fail="1">All Tests</stat>
</total>
<tag>
</tag>
<suite>
<stat pass="2" fail="1" id="s1" name="T1">T1</stat>
</suite>
</statistics>
<errors>
</errors>
</robot>
