<?xml version="1.0" encoding="UTF-8"?>
<robot generator="Robot 3.2.1 (Python 3.8.3 on win32)" generated="20200713 11:37:10.404" rpa="false">
<suite id="s1" name="Tc" source="F:\PycharmProjects\XMSZ\job8\tc">
<suite id="s1-s1" name="D-空环境" source="F:\PycharmProjects\XMSZ\job8\tc\d-空环境">
<kw name="Run Keywords" library="BuiltIn" type="setup">
<doc>Executes all the given keywords in a sequence.</doc>
<arguments>
<arg>deleteAllteacher</arg>
<arg>1</arg>
<arg>100</arg>
<arg>AND</arg>
<arg>deleteallcourse</arg>
<arg>1</arg>
<arg>100</arg>
</arguments>
<kw name="Delete Allteacher" library="lib.teacherlib">
<arguments>
<arg>1</arg>
<arg>100</arg>
</arguments>
<status status="PASS" starttime="20200713 11:37:10.477" endtime="20200713 11:37:14.493"></status>
</kw>
<kw name="Deleteallcourse" library="lib.courlib">
<arguments>
<arg>1</arg>
<arg>100</arg>
</arguments>
<status status="PASS" starttime="20200713 11:37:14.493" endtime="20200713 11:37:18.507"></status>
</kw>
<status status="PASS" starttime="20200713 11:37:10.477" endtime="20200713 11:37:18.507"></status>
</kw>
<suite id="s1-s1-s1" name="D-课程初中化学" source="F:\PycharmProjects\XMSZ\job8\tc\d-空环境\d-课程初中化学">
<kw name="Add" library="lib.courlib" type="setup">
<arguments>
<arg>初中化学</arg>
<arg>客户</arg>
<arg>1</arg>
<arg>suitesetclassid</arg>
</arguments>
<msg timestamp="20200713 11:37:20.586" level="INFO">${suitesetclassid} = 2013</msg>
<msg timestamp="20200713 11:37:20.586" level="INFO">before
global var set: $suitesetclassid:2013</msg>
<status status="PASS" starttime="20200713 11:37:18.509" endtime="20200713 11:37:20.586"></status>
</kw>
<suite id="s1-s1-s1-s1" name="老师管理" source="F:\PycharmProjects\XMSZ\job8\tc\d-空环境\d-课程初中化学\老师管理.robot">
<test id="s1-s1-s1-s1-t1" name="添加老师001">
<kw name="Add Teacher" library="lib.teacherlib">
<arguments>
<arg>李世明</arg>
<arg>123456</arg>
<arg>李世明在世</arg>
<arg>老师</arg>
<arg>${suitesetclassid}</arg>
<arg>1</arg>
<arg>suiteseteacherid</arg>
</arguments>
<assign>
<var>${ret}</var>
</assign>
<msg timestamp="20200713 11:37:22.753" level="INFO">${suiteseteacherid} = 387</msg>
<msg timestamp="20200713 11:37:22.753" level="INFO">before
global var set: $suiteseteacherid:387</msg>
<msg timestamp="20200713 11:37:22.753" level="INFO">${ret} = {'retcode': 0, 'id': 387}</msg>
<status status="PASS" starttime="20200713 11:37:20.590" endtime="20200713 11:37:22.753"></status>
</kw>
<kw name="Should Be True" library="BuiltIn">
<doc>Fails if the given condition is not true.</doc>
<arguments>
<arg>$ret['retcode']==0</arg>
</arguments>
<status status="PASS" starttime="20200713 11:37:22.754" endtime="20200713 11:37:22.757"></status>
</kw>
<kw name="Delete Teacher" library="lib.teacherlib" type="teardown">
<arguments>
<arg>${suiteseteacherid}</arg>
</arguments>
<status status="PASS" starttime="20200713 11:37:22.758" endtime="20200713 11:37:24.819"></status>
</kw>
<status status="PASS" starttime="20200713 11:37:20.589" endtime="20200713 11:37:24.820" critical="yes"></status>
</test>
<status status="PASS" starttime="20200713 11:37:20.586" endtime="20200713 11:37:24.820"></status>
</suite>
<kw name="Delete" library="lib.courlib" type="teardown">
<arguments>
<arg>${suitesetclassid}</arg>
</arguments>
<status status="PASS" starttime="20200713 11:37:24.822" endtime="20200713 11:37:26.894"></status>
</kw>
<status status="PASS" starttime="20200713 11:37:18.507" endtime="20200713 11:37:26.894"></status>
</suite>
<status status="PASS" starttime="20200713 11:37:10.422" endtime="20200713 11:37:26.896"></status>
</suite>
<status status="PASS" starttime="20200713 11:37:10.405" endtime="20200713 11:37:26.897"></status>
</suite>
<statistics>
<total>
<stat pass="1" fail="0">Critical Tests</stat>
<stat pass="1" fail="0">All Tests</stat>
</total>
<tag>
</tag>
<suite>
<stat pass="1" fail="0" id="s1" name="Tc">Tc</stat>
<stat pass="1" fail="0" id="s1-s1" name="D-空环境">Tc.D-空环境</stat>
<stat pass="1" fail="0" id="s1-s1-s1" name="D-课程初中化学">Tc.D-空环境.D-课程初中化学</stat>
<stat pass="1" fail="0" id="s1-s1-s1-s1" name="老师管理">Tc.D-空环境.D-课程初中化学.老师管理</stat>
</suite>
</statistics>
<errors>
</errors>
</robot>
