<?xml version="1.0" encoding="UTF-8"?>
<robot generator="Robot 3.2.1 (Python 3.6.5 on win32)" generated="20200531 14:05:26.409" rpa="false">
<suite id="s1" name="T3" source="F:\PycharmProjects\untitled\rf1222\day2\t3.robot">
<test id="s1-t1" name="case1">
<kw name="Create List" library="BuiltIn">
<doc>Returns a list containing given items.</doc>
<arguments>
<arg>1</arg>
<arg>2</arg>
<arg>3</arg>
</arguments>
<assign>
<var>${list}</var>
</assign>
<msg timestamp="20200531 14:05:26.447" level="INFO">${list} = ['1', '2', '3']</msg>
<status status="PASS" starttime="20200531 14:05:26.446" endtime="20200531 14:05:26.447"></status>
</kw>
<kw name="Log To Console" library="BuiltIn">
<doc>Logs the given message to the console.</doc>
<arguments>
<arg>${list}[0]</arg>
</arguments>
<status status="PASS" starttime="20200531 14:05:26.448" endtime="20200531 14:05:26.449"></status>
</kw>
<kw name="Log To Console" library="BuiltIn">
<doc>Logs the given message to the console.</doc>
<arguments>
<arg>${list[0]}</arg>
</arguments>
<status status="PASS" starttime="20200531 14:05:26.450" endtime="20200531 14:05:26.450"></status>
</kw>
<status status="PASS" starttime="20200531 14:05:26.446" endtime="20200531 14:05:26.462" critical="yes"></status>
</test>
<test id="s1-t2" name="case2">
<kw name="Create Dictionary" library="BuiltIn">
<doc>Creates and returns a dictionary based on the given ``items``.</doc>
<arguments>
<arg>a=1323123123</arg>
<arg>b=2</arg>
<arg>c=3</arg>
</arguments>
<assign>
<var>&amp;{dict}</var>
</assign>
<msg timestamp="20200531 14:05:26.476" level="INFO">&amp;{dict} = { a=1323123123 | b=2 | c=3 }</msg>
<status status="PASS" starttime="20200531 14:05:26.475" endtime="20200531 14:05:26.476"></status>
</kw>
<kw name="Log To Console" library="BuiltIn">
<doc>Logs the given message to the console.</doc>
<arguments>
<arg>${dict}[a]</arg>
</arguments>
<status status="PASS" starttime="20200531 14:05:26.477" endtime="20200531 14:05:26.477"></status>
</kw>
<kw name="Log To Console" library="BuiltIn">
<doc>Logs the given message to the console.</doc>
<arguments>
<arg>${dict['a']}</arg>
</arguments>
<status status="PASS" starttime="20200531 14:05:26.478" endtime="20200531 14:05:26.478"></status>
</kw>
<status status="PASS" starttime="20200531 14:05:26.464" endtime="20200531 14:05:26.489" critical="yes"></status>
</test>
<status status="PASS" starttime="20200531 14:05:26.411" endtime="20200531 14:05:26.490"></status>
</suite>
<statistics>
<total>
<stat pass="2" fail="0">Critical Tests</stat>
<stat pass="2" fail="0">All Tests</stat>
</total>
<tag>
</tag>
<suite>
<stat pass="2" fail="0" id="s1" name="T3">T3</stat>
</suite>
</statistics>
<errors>
</errors>
</robot>
