<?xml version="1.0" encoding="UTF-8"?>
<robot generator="Robot 3.2.1 (Python 3.6.5 on win32)" generated="20200528 11:30:03.763" rpa="false">
<suite id="s1" name="Addcourse" source="F:\PycharmProjects\untitled\rf1222\day5\studentcourse\addcourse.robot">
<kw name="Setup WebTest" library="rclib" type="setup">
<kw name="Open Browser" library="SeleniumLibrary">
<doc>Opens a new browser instance to the optional ``url``.</doc>
<arguments>
<arg>http://localhost/mgr/login/login.html</arg>
<arg>chrome</arg>
</arguments>
<msg timestamp="20200528 11:30:03.957" level="INFO">Opening browser 'chrome' to base url 'http://localhost/mgr/login/login.html'.</msg>
<status status="PASS" starttime="20200528 11:30:03.957" endtime="20200528 11:30:08.159"></status>
</kw>
<kw name="Set Selenium Implicit Wait" library="SeleniumLibrary">
<doc>Sets the implicit wait value used by Selenium.</doc>
<arguments>
<arg>10</arg>
</arguments>
<status status="PASS" starttime="20200528 11:30:08.159" endtime="20200528 11:30:08.161"></status>
</kw>
<status status="PASS" starttime="20200528 11:30:03.956" endtime="20200528 11:30:08.161"></status>
</kw>
<test id="s1-t1" name="case1">
<kw name="clearcourse" library="rclib" type="setup">
<kw name="loginwebsite" library="rclib">
<kw name="Go To" library="SeleniumLibrary">
<doc>Navigates the current browser window to the provided ``url``.</doc>
<arguments>
<arg>${MgrLoginUrl}</arg>
</arguments>
<msg timestamp="20200528 11:30:08.163" level="INFO">Opening url 'http://localhost/mgr/login/login.html'</msg>
<status status="PASS" starttime="20200528 11:30:08.162" endtime="20200528 11:30:08.207"></status>
</kw>
<kw name="Set Selenium Implicit Wait" library="SeleniumLibrary">
<doc>Sets the implicit wait value used by Selenium.</doc>
<arguments>
<arg>10</arg>
</arguments>
<status status="PASS" starttime="20200528 11:30:08.207" endtime="20200528 11:30:08.209"></status>
</kw>
<kw name="Input Text" library="SeleniumLibrary">
<doc>Types the given ``text`` into the text field identified by ``locator``.</doc>
<arguments>
<arg>id=username</arg>
<arg>&amp;{adminuser}[name]</arg>
</arguments>
<msg timestamp="20200528 11:30:08.209" level="WARN">Accessing variable items using '&amp;{adminuser}[name]' syntax is deprecated. Use '${adminuser}[name]' instead.</msg>
<msg timestamp="20200528 11:30:08.211" level="INFO">Typing text 'auto' into text field 'id=username'.</msg>
<status status="PASS" starttime="20200528 11:30:08.209" endtime="20200528 11:30:08.292"></status>
</kw>
<kw name="Input Text" library="SeleniumLibrary">
<doc>Types the given ``text`` into the text field identified by ``locator``.</doc>
<arguments>
<arg>id=password</arg>
<arg>&amp;{adminuser}[pw]</arg>
</arguments>
<msg timestamp="20200528 11:30:08.292" level="WARN">Accessing variable items using '&amp;{adminuser}[pw]' syntax is deprecated. Use '${adminuser}[pw]' instead.</msg>
<msg timestamp="20200528 11:30:08.293" level="INFO">Typing text 'sdfsdfsdf' into text field 'id=password'.</msg>
<status status="PASS" starttime="20200528 11:30:08.292" endtime="20200528 11:30:08.369"></status>
</kw>
<kw name="Click Element" library="SeleniumLibrary">
<doc>Click the element identified by ``locator``.</doc>
<arguments>
<arg>css=.btn-success</arg>
</arguments>
<msg timestamp="20200528 11:30:08.370" level="INFO">Clicking element 'css=.btn-success'.</msg>
<status status="PASS" starttime="20200528 11:30:08.370" endtime="20200528 11:30:08.408"></status>
</kw>
<status status="PASS" starttime="20200528 11:30:08.162" endtime="20200528 11:30:08.408"></status>
</kw>
<kw name="Set Selenium Implicit Wait" library="SeleniumLibrary">
<doc>Sets the implicit wait value used by Selenium.</doc>
<arguments>
<arg>2</arg>
</arguments>
<status status="PASS" starttime="20200528 11:30:08.408" endtime="20200528 11:30:08.409"></status>
</kw>
<kw name="${one} IN RANGE [ 9999 ]" type="for">
<kw name="${one} = 0" type="foritem">
<kw name="Get WebElements" library="SeleniumLibrary">
<doc>Returns a list of WebElement objects matching the ``locator``.</doc>
<arguments>
<arg>css=[ng-click="delOne(one)"]</arg>
</arguments>
<assign>
<var>${elements}</var>
</assign>
<msg timestamp="20200528 11:30:09.074" level="INFO">${elements} = [&lt;selenium.webdriver.remote.webelement.WebElement (session="16b09639a775b10fc1a05f0d4c9de0cf", element="123b5b9b-43df-409f-8d55-49dda0dbc216")&gt;, &lt;selenium.webdriver.remote.webelement.WebElement (sessi...</msg>
<status status="PASS" starttime="20200528 11:30:08.409" endtime="20200528 11:30:09.075"></status>
</kw>
<kw name="Run Keyword If" library="BuiltIn">
<doc>Runs the given keyword with the given arguments, if ``condition`` is true.</doc>
<arguments>
<arg>$elements==[]</arg>
<arg>EXIT FOR LOOP</arg>
</arguments>
<status status="PASS" starttime="20200528 11:30:09.075" endtime="20200528 11:30:09.080"></status>
</kw>
<kw name="Click Element" library="SeleniumLibrary">
<doc>Click the element identified by ``locator``.</doc>
<arguments>
<arg>${elements[0]}</arg>
</arguments>
<msg timestamp="20200528 11:30:09.080" level="INFO">Clicking element '&lt;selenium.webdriver.remote.webelement.WebElement (session="16b09639a775b10fc1a05f0d4c9de0cf", element="123b5b9b-43df-409f-8d55-49dda0dbc216")&gt;'.</msg>
<status status="PASS" starttime="20200528 11:30:09.080" endtime="20200528 11:30:09.117"></status>
</kw>
<kw name="Click Element" library="SeleniumLibrary">
<doc>Click the element identified by ``locator``.</doc>
<arguments>
<arg>css=button.btn-primary</arg>
</arguments>
<msg timestamp="20200528 11:30:09.117" level="INFO">Clicking element 'css=button.btn-primary'.</msg>
<status status="PASS" starttime="20200528 11:30:09.117" endtime="20200528 11:30:09.341"></status>
</kw>
<kw name="Sleep" library="BuiltIn">
<doc>Pauses the test executed for the given time.</doc>
<arguments>
<arg>1</arg>
</arguments>
<msg timestamp="20200528 11:30:10.344" level="INFO">Slept 1 second</msg>
<status status="PASS" starttime="20200528 11:30:09.342" endtime="20200528 11:30:10.344"></status>
</kw>
<status status="PASS" starttime="20200528 11:30:08.409" endtime="20200528 11:30:10.344"></status>
</kw>
<kw name="${one} = 1" type="foritem">
<kw name="Get WebElements" library="SeleniumLibrary">
<doc>Returns a list of WebElement objects matching the ``locator``.</doc>
<arguments>
<arg>css=[ng-click="delOne(one)"]</arg>
</arguments>
<assign>
<var>${elements}</var>
</assign>
<msg timestamp="20200528 11:30:10.352" level="INFO">${elements} = [&lt;selenium.webdriver.remote.webelement.WebElement (session="16b09639a775b10fc1a05f0d4c9de0cf", element="cb2f7434-01b4-4086-883c-98b2e0c98cc5")&gt;]</msg>
<status status="PASS" starttime="20200528 11:30:10.344" endtime="20200528 11:30:10.352"></status>
</kw>
<kw name="Run Keyword If" library="BuiltIn">
<doc>Runs the given keyword with the given arguments, if ``condition`` is true.</doc>
<arguments>
<arg>$elements==[]</arg>
<arg>EXIT FOR LOOP</arg>
</arguments>
<status status="PASS" starttime="20200528 11:30:10.352" endtime="20200528 11:30:10.352"></status>
</kw>
<kw name="Click Element" library="SeleniumLibrary">
<doc>Click the element identified by ``locator``.</doc>
<arguments>
<arg>${elements[0]}</arg>
</arguments>
<msg timestamp="20200528 11:30:10.353" level="INFO">Clicking element '&lt;selenium.webdriver.remote.webelement.WebElement (session="16b09639a775b10fc1a05f0d4c9de0cf", element="cb2f7434-01b4-4086-883c-98b2e0c98cc5")&gt;'.</msg>
<status status="PASS" starttime="20200528 11:30:10.352" endtime="20200528 11:30:10.383"></status>
</kw>
<kw name="Click Element" library="SeleniumLibrary">
<doc>Click the element identified by ``locator``.</doc>
<arguments>
<arg>css=button.btn-primary</arg>
</arguments>
<msg timestamp="20200528 11:30:10.383" level="INFO">Clicking element 'css=button.btn-primary'.</msg>
<status status="PASS" starttime="20200528 11:30:10.383" endtime="20200528 11:30:10.591"></status>
</kw>
<kw name="Sleep" library="BuiltIn">
<doc>Pauses the test executed for the given time.</doc>
<arguments>
<arg>1</arg>
</arguments>
<msg timestamp="20200528 11:30:11.592" level="INFO">Slept 1 second</msg>
<status status="PASS" starttime="20200528 11:30:10.591" endtime="20200528 11:30:11.592"></status>
</kw>
<status status="PASS" starttime="20200528 11:30:10.344" endtime="20200528 11:30:11.592"></status>
</kw>
<kw name="${one} = 2" type="foritem">
<kw name="Get WebElements" library="SeleniumLibrary">
<doc>Returns a list of WebElement objects matching the ``locator``.</doc>
<arguments>
<arg>css=[ng-click="delOne(one)"]</arg>
</arguments>
<assign>
<var>${elements}</var>
</assign>
<msg timestamp="20200528 11:30:13.648" level="INFO">${elements} = []</msg>
<status status="PASS" starttime="20200528 11:30:11.592" endtime="20200528 11:30:13.648"></status>
</kw>
<kw name="Run Keyword If" library="BuiltIn">
<doc>Runs the given keyword with the given arguments, if ``condition`` is true.</doc>
<arguments>
<arg>$elements==[]</arg>
<arg>EXIT FOR LOOP</arg>
</arguments>
<kw name="Exit For Loop" library="BuiltIn">
<doc>Stops executing the enclosing for loop.</doc>
<msg timestamp="20200528 11:30:13.648" level="INFO">Exiting for loop altogether.</msg>
<status status="PASS" starttime="20200528 11:30:13.648" endtime="20200528 11:30:13.648"></status>
</kw>
<status status="PASS" starttime="20200528 11:30:13.648" endtime="20200528 11:30:13.648"></status>
</kw>
<status status="PASS" starttime="20200528 11:30:11.592" endtime="20200528 11:30:13.648"></status>
</kw>
<status status="PASS" starttime="20200528 11:30:08.409" endtime="20200528 11:30:13.649"></status>
</kw>
<kw name="Set Selenium Implicit Wait" library="SeleniumLibrary">
<doc>Sets the implicit wait value used by Selenium.</doc>
<arguments>
<arg>10</arg>
</arguments>
<status status="PASS" starttime="20200528 11:30:13.649" endtime="20200528 11:30:13.649"></status>
</kw>
<status status="PASS" starttime="20200528 11:30:08.162" endtime="20200528 11:30:13.650"></status>
</kw>
<kw name="Log To Console" library="BuiltIn">
<doc>Logs the given message to the console.</doc>
<arguments>
<arg>添加初中语文</arg>
</arguments>
<status status="PASS" starttime="20200528 11:30:13.650" endtime="20200528 11:30:13.650"></status>
</kw>
<kw name="addCourse" library="rclib">
<arguments>
<arg>初中语文</arg>
<arg>语文</arg>
<arg>1</arg>
</arguments>
<kw name="Click Element" library="SeleniumLibrary">
<doc>Click the element identified by ``locator``.</doc>
<arguments>
<arg>css=[ng-click="showAddOne=true"]</arg>
</arguments>
<msg timestamp="20200528 11:30:13.651" level="INFO">Clicking element 'css=[ng-click="showAddOne=true"]'.</msg>
<status status="PASS" starttime="20200528 11:30:13.651" endtime="20200528 11:30:13.702"></status>
</kw>
<kw name="Input Text" library="SeleniumLibrary">
<doc>Types the given ``text`` into the text field identified by ``locator``.</doc>
<arguments>
<arg>css=[ng-model="addData.name"]</arg>
<arg>${name}</arg>
</arguments>
<msg timestamp="20200528 11:30:13.702" level="INFO">Typing text '初中语文' into text field 'css=[ng-model="addData.name"]'.</msg>
<status status="PASS" starttime="20200528 11:30:13.702" endtime="20200528 11:30:13.775"></status>
</kw>
<kw name="Input Text" library="SeleniumLibrary">
<doc>Types the given ``text`` into the text field identified by ``locator``.</doc>
<arguments>
<arg>css=[ng-model="addData.desc"]</arg>
<arg>${desc}</arg>
</arguments>
<msg timestamp="20200528 11:30:13.775" level="INFO">Typing text '语文' into text field 'css=[ng-model="addData.desc"]'.</msg>
<status status="PASS" starttime="20200528 11:30:13.775" endtime="20200528 11:30:13.853"></status>
</kw>
<kw name="Input Text" library="SeleniumLibrary">
<doc>Types the given ``text`` into the text field identified by ``locator``.</doc>
<arguments>
<arg>css=[ng-model="addData.display_idx"]</arg>
<arg>${idx}</arg>
</arguments>
<msg timestamp="20200528 11:30:13.854" level="INFO">Typing text '1' into text field 'css=[ng-model="addData.display_idx"]'.</msg>
<status status="PASS" starttime="20200528 11:30:13.853" endtime="20200528 11:30:13.913"></status>
</kw>
<kw name="Click Element" library="SeleniumLibrary">
<doc>Click the element identified by ``locator``.</doc>
<arguments>
<arg>css=[ng-click="addOne()"]</arg>
</arguments>
<msg timestamp="20200528 11:30:13.914" level="INFO">Clicking element 'css=[ng-click="addOne()"]'.</msg>
<status status="PASS" starttime="20200528 11:30:13.914" endtime="20200528 11:30:13.950"></status>
</kw>
<status status="PASS" starttime="20200528 11:30:13.651" endtime="20200528 11:30:13.950"></status>
</kw>
<kw name="checkCourse" library="rclib">
<arguments>
<arg>初中语文</arg>
</arguments>
<kw name="Get Text" library="SeleniumLibrary">
<doc>Returns the text value of the element identified by ``locator``.</doc>
<arguments>
<arg>css=tbody td:nth-child(2)</arg>
</arguments>
<assign>
<var>${course}</var>
</assign>
<msg timestamp="20200528 11:30:14.088" level="INFO">${course} = 初中语文</msg>
<status status="PASS" starttime="20200528 11:30:13.951" endtime="20200528 11:30:14.088"></status>
</kw>
<kw name="Should Be True" library="BuiltIn">
<doc>Fails if the given condition is not true.</doc>
<arguments>
<arg>$course==$expect</arg>
</arguments>
<status status="PASS" starttime="20200528 11:30:14.088" endtime="20200528 11:30:14.089"></status>
</kw>
<status status="PASS" starttime="20200528 11:30:13.951" endtime="20200528 11:30:14.089"></status>
</kw>
<status status="PASS" starttime="20200528 11:30:08.161" endtime="20200528 11:30:14.089" critical="yes"></status>
</test>
<test id="s1-t2" name="case2">
<kw name="clearcourse" library="rclib" type="setup">
<kw name="loginwebsite" library="rclib">
<kw name="Go To" library="SeleniumLibrary">
<doc>Navigates the current browser window to the provided ``url``.</doc>
<arguments>
<arg>${MgrLoginUrl}</arg>
</arguments>
<msg timestamp="20200528 11:30:14.092" level="INFO">Opening url 'http://localhost/mgr/login/login.html'</msg>
<status status="PASS" starttime="20200528 11:30:14.092" endtime="20200528 11:30:14.125"></status>
</kw>
<kw name="Set Selenium Implicit Wait" library="SeleniumLibrary">
<doc>Sets the implicit wait value used by Selenium.</doc>
<arguments>
<arg>10</arg>
</arguments>
<status status="PASS" starttime="20200528 11:30:14.125" endtime="20200528 11:30:14.126"></status>
</kw>
<kw name="Input Text" library="SeleniumLibrary">
<doc>Types the given ``text`` into the text field identified by ``locator``.</doc>
<arguments>
<arg>id=username</arg>
<arg>&amp;{adminuser}[name]</arg>
</arguments>
<msg timestamp="20200528 11:30:14.126" level="WARN">Accessing variable items using '&amp;{adminuser}[name]' syntax is deprecated. Use '${adminuser}[name]' instead.</msg>
<msg timestamp="20200528 11:30:14.129" level="INFO">Typing text 'auto' into text field 'id=username'.</msg>
<status status="PASS" starttime="20200528 11:30:14.126" endtime="20200528 11:30:14.199"></status>
</kw>
<kw name="Input Text" library="SeleniumLibrary">
<doc>Types the given ``text`` into the text field identified by ``locator``.</doc>
<arguments>
<arg>id=password</arg>
<arg>&amp;{adminuser}[pw]</arg>
</arguments>
<msg timestamp="20200528 11:30:14.200" level="WARN">Accessing variable items using '&amp;{adminuser}[pw]' syntax is deprecated. Use '${adminuser}[pw]' instead.</msg>
<msg timestamp="20200528 11:30:14.200" level="INFO">Typing text 'sdfsdfsdf' into text field 'id=password'.</msg>
<status status="PASS" starttime="20200528 11:30:14.199" endtime="20200528 11:30:14.272"></status>
</kw>
<kw name="Click Element" library="SeleniumLibrary">
<doc>Click the element identified by ``locator``.</doc>
<arguments>
<arg>css=.btn-success</arg>
</arguments>
<msg timestamp="20200528 11:30:14.272" level="INFO">Clicking element 'css=.btn-success'.</msg>
<status status="PASS" starttime="20200528 11:30:14.272" endtime="20200528 11:30:14.316"></status>
</kw>
<status status="PASS" starttime="20200528 11:30:14.092" endtime="20200528 11:30:14.316"></status>
</kw>
<kw name="Set Selenium Implicit Wait" library="SeleniumLibrary">
<doc>Sets the implicit wait value used by Selenium.</doc>
<arguments>
<arg>2</arg>
</arguments>
<status status="PASS" starttime="20200528 11:30:14.316" endtime="20200528 11:30:14.317"></status>
</kw>
<kw name="${one} IN RANGE [ 9999 ]" type="for">
<kw name="${one} = 0" type="foritem">
<kw name="Get WebElements" library="SeleniumLibrary">
<doc>Returns a list of WebElement objects matching the ``locator``.</doc>
<arguments>
<arg>css=[ng-click="delOne(one)"]</arg>
</arguments>
<assign>
<var>${elements}</var>
</assign>
<msg timestamp="20200528 11:30:14.600" level="INFO">${elements} = [&lt;selenium.webdriver.remote.webelement.WebElement (session="16b09639a775b10fc1a05f0d4c9de0cf", element="cd3ab911-b00d-4d49-8422-409aede489cb")&gt;]</msg>
<status status="PASS" starttime="20200528 11:30:14.317" endtime="20200528 11:30:14.600"></status>
</kw>
<kw name="Run Keyword If" library="BuiltIn">
<doc>Runs the given keyword with the given arguments, if ``condition`` is true.</doc>
<arguments>
<arg>$elements==[]</arg>
<arg>EXIT FOR LOOP</arg>
</arguments>
<status status="PASS" starttime="20200528 11:30:14.600" endtime="20200528 11:30:14.601"></status>
</kw>
<kw name="Click Element" library="SeleniumLibrary">
<doc>Click the element identified by ``locator``.</doc>
<arguments>
<arg>${elements[0]}</arg>
</arguments>
<msg timestamp="20200528 11:30:14.601" level="INFO">Clicking element '&lt;selenium.webdriver.remote.webelement.WebElement (session="16b09639a775b10fc1a05f0d4c9de0cf", element="cd3ab911-b00d-4d49-8422-409aede489cb")&gt;'.</msg>
<status status="PASS" starttime="20200528 11:30:14.601" endtime="20200528 11:30:14.639"></status>
</kw>
<kw name="Click Element" library="SeleniumLibrary">
<doc>Click the element identified by ``locator``.</doc>
<arguments>
<arg>css=button.btn-primary</arg>
</arguments>
<msg timestamp="20200528 11:30:14.639" level="INFO">Clicking element 'css=button.btn-primary'.</msg>
<status status="PASS" starttime="20200528 11:30:14.639" endtime="20200528 11:30:14.851"></status>
</kw>
<kw name="Sleep" library="BuiltIn">
<doc>Pauses the test executed for the given time.</doc>
<arguments>
<arg>1</arg>
</arguments>
<msg timestamp="20200528 11:30:15.851" level="INFO">Slept 1 second</msg>
<status status="PASS" starttime="20200528 11:30:14.851" endtime="20200528 11:30:15.851"></status>
</kw>
<status status="PASS" starttime="20200528 11:30:14.317" endtime="20200528 11:30:15.851"></status>
</kw>
<kw name="${one} = 1" type="foritem">
<kw name="Get WebElements" library="SeleniumLibrary">
<doc>Returns a list of WebElement objects matching the ``locator``.</doc>
<arguments>
<arg>css=[ng-click="delOne(one)"]</arg>
</arguments>
<assign>
<var>${elements}</var>
</assign>
<msg timestamp="20200528 11:30:17.864" level="INFO">${elements} = []</msg>
<status status="PASS" starttime="20200528 11:30:15.851" endtime="20200528 11:30:17.864"></status>
</kw>
<kw name="Run Keyword If" library="BuiltIn">
<doc>Runs the given keyword with the given arguments, if ``condition`` is true.</doc>
<arguments>
<arg>$elements==[]</arg>
<arg>EXIT FOR LOOP</arg>
</arguments>
<kw name="Exit For Loop" library="BuiltIn">
<doc>Stops executing the enclosing for loop.</doc>
<msg timestamp="20200528 11:30:17.865" level="INFO">Exiting for loop altogether.</msg>
<status status="PASS" starttime="20200528 11:30:17.865" endtime="20200528 11:30:17.865"></status>
</kw>
<status status="PASS" starttime="20200528 11:30:17.865" endtime="20200528 11:30:17.865"></status>
</kw>
<status status="PASS" starttime="20200528 11:30:15.851" endtime="20200528 11:30:17.865"></status>
</kw>
<status status="PASS" starttime="20200528 11:30:14.317" endtime="20200528 11:30:17.865"></status>
</kw>
<kw name="Set Selenium Implicit Wait" library="SeleniumLibrary">
<doc>Sets the implicit wait value used by Selenium.</doc>
<arguments>
<arg>10</arg>
</arguments>
<status status="PASS" starttime="20200528 11:30:17.865" endtime="20200528 11:30:17.866"></status>
</kw>
<status status="PASS" starttime="20200528 11:30:14.091" endtime="20200528 11:30:17.867"></status>
</kw>
<kw name="Log To Console" library="BuiltIn">
<doc>Logs the given message to the console.</doc>
<arguments>
<arg>添加初中数学</arg>
</arguments>
<status status="PASS" starttime="20200528 11:30:17.867" endtime="20200528 11:30:17.867"></status>
</kw>
<kw name="addCourse" library="rclib">
<arguments>
<arg>初中数学</arg>
<arg>初中数学</arg>
<arg>1</arg>
</arguments>
<kw name="Click Element" library="SeleniumLibrary">
<doc>Click the element identified by ``locator``.</doc>
<arguments>
<arg>css=[ng-click="showAddOne=true"]</arg>
</arguments>
<msg timestamp="20200528 11:30:17.869" level="INFO">Clicking element 'css=[ng-click="showAddOne=true"]'.</msg>
<status status="PASS" starttime="20200528 11:30:17.868" endtime="20200528 11:30:17.911"></status>
</kw>
<kw name="Input Text" library="SeleniumLibrary">
<doc>Types the given ``text`` into the text field identified by ``locator``.</doc>
<arguments>
<arg>css=[ng-model="addData.name"]</arg>
<arg>${name}</arg>
</arguments>
<msg timestamp="20200528 11:30:17.911" level="INFO">Typing text '初中数学' into text field 'css=[ng-model="addData.name"]'.</msg>
<status status="PASS" starttime="20200528 11:30:17.911" endtime="20200528 11:30:17.990"></status>
</kw>
<kw name="Input Text" library="SeleniumLibrary">
<doc>Types the given ``text`` into the text field identified by ``locator``.</doc>
<arguments>
<arg>css=[ng-model="addData.desc"]</arg>
<arg>${desc}</arg>
</arguments>
<msg timestamp="20200528 11:30:17.991" level="INFO">Typing text '初中数学' into text field 'css=[ng-model="addData.desc"]'.</msg>
<status status="PASS" starttime="20200528 11:30:17.991" endtime="20200528 11:30:18.058"></status>
</kw>
<kw name="Input Text" library="SeleniumLibrary">
<doc>Types the given ``text`` into the text field identified by ``locator``.</doc>
<arguments>
<arg>css=[ng-model="addData.display_idx"]</arg>
<arg>${idx}</arg>
</arguments>
<msg timestamp="20200528 11:30:18.058" level="INFO">Typing text '1' into text field 'css=[ng-model="addData.display_idx"]'.</msg>
<status status="PASS" starttime="20200528 11:30:18.058" endtime="20200528 11:30:18.129"></status>
</kw>
<kw name="Click Element" library="SeleniumLibrary">
<doc>Click the element identified by ``locator``.</doc>
<arguments>
<arg>css=[ng-click="addOne()"]</arg>
</arguments>
<msg timestamp="20200528 11:30:18.129" level="INFO">Clicking element 'css=[ng-click="addOne()"]'.</msg>
<status status="PASS" starttime="20200528 11:30:18.129" endtime="20200528 11:30:18.176"></status>
</kw>
<status status="PASS" starttime="20200528 11:30:17.868" endtime="20200528 11:30:18.176"></status>
</kw>
<kw name="checkCourse" library="rclib">
<arguments>
<arg>初中数学</arg>
</arguments>
<kw name="Get Text" library="SeleniumLibrary">
<doc>Returns the text value of the element identified by ``locator``.</doc>
<arguments>
<arg>css=tbody td:nth-child(2)</arg>
</arguments>
<assign>
<var>${course}</var>
</assign>
<msg timestamp="20200528 11:30:18.301" level="INFO">${course} = 初中数学</msg>
<status status="PASS" starttime="20200528 11:30:18.176" endtime="20200528 11:30:18.301"></status>
</kw>
<kw name="Should Be True" library="BuiltIn">
<doc>Fails if the given condition is not true.</doc>
<arguments>
<arg>$course==$expect</arg>
</arguments>
<status status="PASS" starttime="20200528 11:30:18.301" endtime="20200528 11:30:18.301"></status>
</kw>
<status status="PASS" starttime="20200528 11:30:18.176" endtime="20200528 11:30:18.301"></status>
</kw>
<status status="PASS" starttime="20200528 11:30:14.091" endtime="20200528 11:30:18.302" critical="yes"></status>
</test>
<kw name="TearDown WebTest" library="rclib" type="teardown">
<kw name="Close Browser" library="SeleniumLibrary">
<doc>Closes the current browser.</doc>
<status status="PASS" starttime="20200528 11:30:18.304" endtime="20200528 11:30:20.395"></status>
</kw>
<status status="PASS" starttime="20200528 11:30:18.304" endtime="20200528 11:30:20.395"></status>
</kw>
<status status="PASS" starttime="20200528 11:30:03.765" endtime="20200528 11:30:20.395"></status>
</suite>
<statistics>
<total>
<stat pass="2" fail="0">Critical Tests</stat>
<stat pass="2" fail="0">All Tests</stat>
</total>
<tag>
</tag>
<suite>
<stat pass="2" fail="0" id="s1" name="Addcourse">Addcourse</stat>
</suite>
</statistics>
<errors>
<msg timestamp="20200528 11:30:08.209" level="WARN">Accessing variable items using '&amp;{adminuser}[name]' syntax is deprecated. Use '${adminuser}[name]' instead.</msg>
<msg timestamp="20200528 11:30:08.292" level="WARN">Accessing variable items using '&amp;{adminuser}[pw]' syntax is deprecated. Use '${adminuser}[pw]' instead.</msg>
<msg timestamp="20200528 11:30:14.126" level="WARN">Accessing variable items using '&amp;{adminuser}[name]' syntax is deprecated. Use '${adminuser}[name]' instead.</msg>
<msg timestamp="20200528 11:30:14.200" level="WARN">Accessing variable items using '&amp;{adminuser}[pw]' syntax is deprecated. Use '${adminuser}[pw]' instead.</msg>
</errors>
</robot>
