<?xml version="1.0" encoding="UTF-8"?>
<robot generator="Robot 3.2.1 (Python 3.6.5 on win32)" generated="20200525 23:17:38.237" rpa="false">
<suite id="s1" name="T1" source="F:\PycharmProjects\untitled\rf1222\day4\job\t1.robot">
<kw name="Setup WebTest" library="rclib" type="setup">
<kw name="Open Browser" library="SeleniumLibrary">
<doc>Opens a new browser instance to the optional ``url``.</doc>
<arguments>
<arg>http://localhost/mgr/login/login.html</arg>
<arg>chrome</arg>
</arguments>
<msg timestamp="20200525 23:17:38.437" level="INFO">Opening browser 'chrome' to base url 'http://localhost/mgr/login/login.html'.</msg>
<status status="PASS" starttime="20200525 23:17:38.437" endtime="20200525 23:17:42.125"></status>
</kw>
<kw name="Set Selenium Implicit Wait" library="SeleniumLibrary">
<doc>Sets the implicit wait value used by Selenium.</doc>
<arguments>
<arg>10</arg>
</arguments>
<status status="PASS" starttime="20200525 23:17:42.125" endtime="20200525 23:17:42.126"></status>
</kw>
<status status="PASS" starttime="20200525 23:17:38.436" endtime="20200525 23:17:42.126"></status>
</kw>
<test id="s1-t1" name="case1">
<kw name="clearcourse" library="rclib" type="setup">
<kw name="loginwebsite" library="rclib">
<kw name="Go To" library="SeleniumLibrary">
<doc>Navigates the current browser window to the provided ``url``.</doc>
<arguments>
<arg>http://localhost/mgr/login/login.html</arg>
</arguments>
<msg timestamp="20200525 23:17:42.128" level="INFO">Opening url 'http://localhost/mgr/login/login.html'</msg>
<status status="PASS" starttime="20200525 23:17:42.128" endtime="20200525 23:17:42.169"></status>
</kw>
<kw name="Set Selenium Implicit Wait" library="SeleniumLibrary">
<doc>Sets the implicit wait value used by Selenium.</doc>
<arguments>
<arg>10</arg>
</arguments>
<status status="PASS" starttime="20200525 23:17:42.169" endtime="20200525 23:17:42.171"></status>
</kw>
<kw name="Input Text" library="SeleniumLibrary">
<doc>Types the given ``text`` into the text field identified by ``locator``.</doc>
<arguments>
<arg>id=username</arg>
<arg>auto</arg>
</arguments>
<msg timestamp="20200525 23:17:42.172" level="INFO">Typing text 'auto' into text field 'id=username'.</msg>
<status status="PASS" starttime="20200525 23:17:42.171" endtime="20200525 23:17:42.252"></status>
</kw>
<kw name="Input Text" library="SeleniumLibrary">
<doc>Types the given ``text`` into the text field identified by ``locator``.</doc>
<arguments>
<arg>id=password</arg>
<arg>sdfsdfsdf</arg>
</arguments>
<msg timestamp="20200525 23:17:42.252" level="INFO">Typing text 'sdfsdfsdf' into text field 'id=password'.</msg>
<status status="PASS" starttime="20200525 23:17:42.252" endtime="20200525 23:17:42.324"></status>
</kw>
<kw name="Click Element" library="SeleniumLibrary">
<doc>Click the element identified by ``locator``.</doc>
<arguments>
<arg>css=.btn-success</arg>
</arguments>
<msg timestamp="20200525 23:17:42.324" level="INFO">Clicking element 'css=.btn-success'.</msg>
<status status="PASS" starttime="20200525 23:17:42.324" endtime="20200525 23:17:42.371"></status>
</kw>
<status status="PASS" starttime="20200525 23:17:42.128" endtime="20200525 23:17:42.371"></status>
</kw>
<kw name="Set Selenium Implicit Wait" library="SeleniumLibrary">
<doc>Sets the implicit wait value used by Selenium.</doc>
<arguments>
<arg>2</arg>
</arguments>
<status status="PASS" starttime="20200525 23:17:42.371" endtime="20200525 23:17:42.372"></status>
</kw>
<kw name="${one} IN RANGE [ 9999 ]" type="for">
<kw name="${one} = 0" type="foritem">
<kw name="Get WebElements" library="SeleniumLibrary">
<doc>Returns a list of WebElement objects matching the ``locator``.</doc>
<arguments>
<arg>css=[ng-click="delOne(one)"]</arg>
</arguments>
<assign>
<var>${elements}</var>
</assign>
<msg timestamp="20200525 23:17:44.402" level="INFO">${elements} = []</msg>
<status status="PASS" starttime="20200525 23:17:42.372" endtime="20200525 23:17:44.402"></status>
</kw>
<kw name="Run Keyword If" library="BuiltIn">
<doc>Runs the given keyword with the given arguments, if ``condition`` is true.</doc>
<arguments>
<arg>$elements==[]</arg>
<arg>EXIT FOR LOOP</arg>
</arguments>
<kw name="Exit For Loop" library="BuiltIn">
<doc>Stops executing the enclosing for loop.</doc>
<msg timestamp="20200525 23:17:44.408" level="INFO">Exiting for loop altogether.</msg>
<status status="PASS" starttime="20200525 23:17:44.408" endtime="20200525 23:17:44.408"></status>
</kw>
<status status="PASS" starttime="20200525 23:17:44.402" endtime="20200525 23:17:44.408"></status>
</kw>
<status status="PASS" starttime="20200525 23:17:42.372" endtime="20200525 23:17:44.408"></status>
</kw>
<status status="PASS" starttime="20200525 23:17:42.372" endtime="20200525 23:17:44.408"></status>
</kw>
<kw name="Set Selenium Implicit Wait" library="SeleniumLibrary">
<doc>Sets the implicit wait value used by Selenium.</doc>
<arguments>
<arg>10</arg>
</arguments>
<status status="PASS" starttime="20200525 23:17:44.408" endtime="20200525 23:17:44.409"></status>
</kw>
<status status="PASS" starttime="20200525 23:17:42.127" endtime="20200525 23:17:44.409"></status>
</kw>
<kw name="addCourse" library="rclib">
<arguments>
<arg>robotframework</arg>
<arg>robot</arg>
<arg>1</arg>
</arguments>
<kw name="Click Element" library="SeleniumLibrary">
<doc>Click the element identified by ``locator``.</doc>
<arguments>
<arg>css=[ng-click="showAddOne=true"]</arg>
</arguments>
<msg timestamp="20200525 23:17:44.410" level="INFO">Clicking element 'css=[ng-click="showAddOne=true"]'.</msg>
<status status="PASS" starttime="20200525 23:17:44.410" endtime="20200525 23:17:44.450"></status>
</kw>
<kw name="Input Text" library="SeleniumLibrary">
<doc>Types the given ``text`` into the text field identified by ``locator``.</doc>
<arguments>
<arg>css=[ng-model="addData.name"]</arg>
<arg>${name}</arg>
</arguments>
<msg timestamp="20200525 23:17:44.451" level="INFO">Typing text 'robotframework' into text field 'css=[ng-model="addData.name"]'.</msg>
<status status="PASS" starttime="20200525 23:17:44.451" endtime="20200525 23:17:44.543"></status>
</kw>
<kw name="Input Text" library="SeleniumLibrary">
<doc>Types the given ``text`` into the text field identified by ``locator``.</doc>
<arguments>
<arg>css=[ng-model="addData.desc"]</arg>
<arg>${desc}</arg>
</arguments>
<msg timestamp="20200525 23:17:44.543" level="INFO">Typing text 'robot' into text field 'css=[ng-model="addData.desc"]'.</msg>
<status status="PASS" starttime="20200525 23:17:44.543" endtime="20200525 23:17:44.603"></status>
</kw>
<kw name="Input Text" library="SeleniumLibrary">
<doc>Types the given ``text`` into the text field identified by ``locator``.</doc>
<arguments>
<arg>css=[ng-model="addData.display_idx"]</arg>
<arg>${idx}</arg>
</arguments>
<msg timestamp="20200525 23:17:44.603" level="INFO">Typing text '1' into text field 'css=[ng-model="addData.display_idx"]'.</msg>
<status status="PASS" starttime="20200525 23:17:44.603" endtime="20200525 23:17:44.663"></status>
</kw>
<kw name="Click Element" library="SeleniumLibrary">
<doc>Click the element identified by ``locator``.</doc>
<arguments>
<arg>css=[ng-click="addOne()"]</arg>
</arguments>
<msg timestamp="20200525 23:17:44.664" level="INFO">Clicking element 'css=[ng-click="addOne()"]'.</msg>
<status status="PASS" starttime="20200525 23:17:44.663" endtime="20200525 23:17:44.699"></status>
</kw>
<status status="PASS" starttime="20200525 23:17:44.410" endtime="20200525 23:17:44.700"></status>
</kw>
<kw name="checkCourse" library="rclib">
<arguments>
<arg>robotframework</arg>
</arguments>
<kw name="Get Text" library="SeleniumLibrary">
<doc>Returns the text value of the element identified by ``locator``.</doc>
<arguments>
<arg>css=tbody td:nth-child(2)</arg>
</arguments>
<assign>
<var>${course}</var>
</assign>
<msg timestamp="20200525 23:17:44.828" level="INFO">${course} = robotframework</msg>
<status status="PASS" starttime="20200525 23:17:44.700" endtime="20200525 23:17:44.828"></status>
</kw>
<kw name="Should Be True" library="BuiltIn">
<doc>Fails if the given condition is not true.</doc>
<arguments>
<arg>$course==$expect</arg>
</arguments>
<status status="PASS" starttime="20200525 23:17:44.828" endtime="20200525 23:17:44.829"></status>
</kw>
<status status="PASS" starttime="20200525 23:17:44.700" endtime="20200525 23:17:44.829"></status>
</kw>
<kw name="clearcourse" library="rclib" type="teardown">
<kw name="loginwebsite" library="rclib">
<kw name="Go To" library="SeleniumLibrary">
<doc>Navigates the current browser window to the provided ``url``.</doc>
<arguments>
<arg>http://localhost/mgr/login/login.html</arg>
</arguments>
<msg timestamp="20200525 23:17:44.830" level="INFO">Opening url 'http://localhost/mgr/login/login.html'</msg>
<status status="PASS" starttime="20200525 23:17:44.830" endtime="20200525 23:17:44.858"></status>
</kw>
<kw name="Set Selenium Implicit Wait" library="SeleniumLibrary">
<doc>Sets the implicit wait value used by Selenium.</doc>
<arguments>
<arg>10</arg>
</arguments>
<status status="PASS" starttime="20200525 23:17:44.858" endtime="20200525 23:17:44.859"></status>
</kw>
<kw name="Input Text" library="SeleniumLibrary">
<doc>Types the given ``text`` into the text field identified by ``locator``.</doc>
<arguments>
<arg>id=username</arg>
<arg>auto</arg>
</arguments>
<msg timestamp="20200525 23:17:44.860" level="INFO">Typing text 'auto' into text field 'id=username'.</msg>
<status status="PASS" starttime="20200525 23:17:44.859" endtime="20200525 23:17:44.940"></status>
</kw>
<kw name="Input Text" library="SeleniumLibrary">
<doc>Types the given ``text`` into the text field identified by ``locator``.</doc>
<arguments>
<arg>id=password</arg>
<arg>sdfsdfsdf</arg>
</arguments>
<msg timestamp="20200525 23:17:44.941" level="INFO">Typing text 'sdfsdfsdf' into text field 'id=password'.</msg>
<status status="PASS" starttime="20200525 23:17:44.941" endtime="20200525 23:17:45.015"></status>
</kw>
<kw name="Click Element" library="SeleniumLibrary">
<doc>Click the element identified by ``locator``.</doc>
<arguments>
<arg>css=.btn-success</arg>
</arguments>
<msg timestamp="20200525 23:17:45.016" level="INFO">Clicking element 'css=.btn-success'.</msg>
<status status="PASS" starttime="20200525 23:17:45.015" endtime="20200525 23:17:45.051"></status>
</kw>
<status status="PASS" starttime="20200525 23:17:44.830" endtime="20200525 23:17:45.051"></status>
</kw>
<kw name="Set Selenium Implicit Wait" library="SeleniumLibrary">
<doc>Sets the implicit wait value used by Selenium.</doc>
<arguments>
<arg>2</arg>
</arguments>
<status status="PASS" starttime="20200525 23:17:45.051" endtime="20200525 23:17:45.053"></status>
</kw>
<kw name="${one} IN RANGE [ 9999 ]" type="for">
<kw name="${one} = 0" type="foritem">
<kw name="Get WebElements" library="SeleniumLibrary">
<doc>Returns a list of WebElement objects matching the ``locator``.</doc>
<arguments>
<arg>css=[ng-click="delOne(one)"]</arg>
</arguments>
<assign>
<var>${elements}</var>
</assign>
<msg timestamp="20200525 23:17:45.278" level="INFO">${elements} = [&lt;selenium.webdriver.remote.webelement.WebElement (session="9e6e3288075d31417f315a45c258c47f", element="b6ccd5c7-5fce-48af-aefc-f2f53716cce6")&gt;]</msg>
<status status="PASS" starttime="20200525 23:17:45.053" endtime="20200525 23:17:45.278"></status>
</kw>
<kw name="Run Keyword If" library="BuiltIn">
<doc>Runs the given keyword with the given arguments, if ``condition`` is true.</doc>
<arguments>
<arg>$elements==[]</arg>
<arg>EXIT FOR LOOP</arg>
</arguments>
<status status="PASS" starttime="20200525 23:17:45.279" endtime="20200525 23:17:45.279"></status>
</kw>
<kw name="Click Element" library="SeleniumLibrary">
<doc>Click the element identified by ``locator``.</doc>
<arguments>
<arg>${elements[0]}</arg>
</arguments>
<msg timestamp="20200525 23:17:45.279" level="INFO">Clicking element '&lt;selenium.webdriver.remote.webelement.WebElement (session="9e6e3288075d31417f315a45c258c47f", element="b6ccd5c7-5fce-48af-aefc-f2f53716cce6")&gt;'.</msg>
<status status="PASS" starttime="20200525 23:17:45.279" endtime="20200525 23:17:45.316"></status>
</kw>
<kw name="Click Element" library="SeleniumLibrary">
<doc>Click the element identified by ``locator``.</doc>
<arguments>
<arg>css=button.btn-primary</arg>
</arguments>
<msg timestamp="20200525 23:17:45.316" level="INFO">Clicking element 'css=button.btn-primary'.</msg>
<status status="PASS" starttime="20200525 23:17:45.316" endtime="20200525 23:17:45.516"></status>
</kw>
<kw name="Sleep" library="BuiltIn">
<doc>Pauses the test executed for the given time.</doc>
<arguments>
<arg>1</arg>
</arguments>
<msg timestamp="20200525 23:17:46.517" level="INFO">Slept 1 second</msg>
<status status="PASS" starttime="20200525 23:17:45.516" endtime="20200525 23:17:46.517"></status>
</kw>
<status status="PASS" starttime="20200525 23:17:45.053" endtime="20200525 23:17:46.517"></status>
</kw>
<kw name="${one} = 1" type="foritem">
<kw name="Get WebElements" library="SeleniumLibrary">
<doc>Returns a list of WebElement objects matching the ``locator``.</doc>
<arguments>
<arg>css=[ng-click="delOne(one)"]</arg>
</arguments>
<assign>
<var>${elements}</var>
</assign>
<msg timestamp="20200525 23:17:48.552" level="INFO">${elements} = []</msg>
<status status="PASS" starttime="20200525 23:17:46.517" endtime="20200525 23:17:48.552"></status>
</kw>
<kw name="Run Keyword If" library="BuiltIn">
<doc>Runs the given keyword with the given arguments, if ``condition`` is true.</doc>
<arguments>
<arg>$elements==[]</arg>
<arg>EXIT FOR LOOP</arg>
</arguments>
<kw name="Exit For Loop" library="BuiltIn">
<doc>Stops executing the enclosing for loop.</doc>
<msg timestamp="20200525 23:17:48.553" level="INFO">Exiting for loop altogether.</msg>
<status status="PASS" starttime="20200525 23:17:48.552" endtime="20200525 23:17:48.553"></status>
</kw>
<status status="PASS" starttime="20200525 23:17:48.552" endtime="20200525 23:17:48.553"></status>
</kw>
<status status="PASS" starttime="20200525 23:17:46.517" endtime="20200525 23:17:48.553"></status>
</kw>
<status status="PASS" starttime="20200525 23:17:45.053" endtime="20200525 23:17:48.553"></status>
</kw>
<kw name="Set Selenium Implicit Wait" library="SeleniumLibrary">
<doc>Sets the implicit wait value used by Selenium.</doc>
<arguments>
<arg>10</arg>
</arguments>
<status status="PASS" starttime="20200525 23:17:48.553" endtime="20200525 23:17:48.554"></status>
</kw>
<status status="PASS" starttime="20200525 23:17:44.829" endtime="20200525 23:17:48.554"></status>
</kw>
<status status="PASS" starttime="20200525 23:17:42.126" endtime="20200525 23:17:48.556" critical="yes"></status>
</test>
<test id="s1-t2" name="case2">
<kw name="clearcourse" library="rclib" type="setup">
<kw name="loginwebsite" library="rclib">
<kw name="Go To" library="SeleniumLibrary">
<doc>Navigates the current browser window to the provided ``url``.</doc>
<arguments>
<arg>http://localhost/mgr/login/login.html</arg>
</arguments>
<msg timestamp="20200525 23:17:48.559" level="INFO">Opening url 'http://localhost/mgr/login/login.html'</msg>
<status status="PASS" starttime="20200525 23:17:48.559" endtime="20200525 23:17:48.594"></status>
</kw>
<kw name="Set Selenium Implicit Wait" library="SeleniumLibrary">
<doc>Sets the implicit wait value used by Selenium.</doc>
<arguments>
<arg>10</arg>
</arguments>
<status status="PASS" starttime="20200525 23:17:48.594" endtime="20200525 23:17:48.595"></status>
</kw>
<kw name="Input Text" library="SeleniumLibrary">
<doc>Types the given ``text`` into the text field identified by ``locator``.</doc>
<arguments>
<arg>id=username</arg>
<arg>auto</arg>
</arguments>
<msg timestamp="20200525 23:17:48.596" level="INFO">Typing text 'auto' into text field 'id=username'.</msg>
<status status="PASS" starttime="20200525 23:17:48.595" endtime="20200525 23:17:48.671"></status>
</kw>
<kw name="Input Text" library="SeleniumLibrary">
<doc>Types the given ``text`` into the text field identified by ``locator``.</doc>
<arguments>
<arg>id=password</arg>
<arg>sdfsdfsdf</arg>
</arguments>
<msg timestamp="20200525 23:17:48.671" level="INFO">Typing text 'sdfsdfsdf' into text field 'id=password'.</msg>
<status status="PASS" starttime="20200525 23:17:48.671" endtime="20200525 23:17:48.742"></status>
</kw>
<kw name="Click Element" library="SeleniumLibrary">
<doc>Click the element identified by ``locator``.</doc>
<arguments>
<arg>css=.btn-success</arg>
</arguments>
<msg timestamp="20200525 23:17:48.742" level="INFO">Clicking element 'css=.btn-success'.</msg>
<status status="PASS" starttime="20200525 23:17:48.742" endtime="20200525 23:17:48.774"></status>
</kw>
<status status="PASS" starttime="20200525 23:17:48.558" endtime="20200525 23:17:48.774"></status>
</kw>
<kw name="Set Selenium Implicit Wait" library="SeleniumLibrary">
<doc>Sets the implicit wait value used by Selenium.</doc>
<arguments>
<arg>2</arg>
</arguments>
<status status="PASS" starttime="20200525 23:17:48.774" endtime="20200525 23:17:48.775"></status>
</kw>
<kw name="${one} IN RANGE [ 9999 ]" type="for">
<kw name="${one} = 0" type="foritem">
<kw name="Get WebElements" library="SeleniumLibrary">
<doc>Returns a list of WebElement objects matching the ``locator``.</doc>
<arguments>
<arg>css=[ng-click="delOne(one)"]</arg>
</arguments>
<assign>
<var>${elements}</var>
</assign>
<msg timestamp="20200525 23:17:50.814" level="INFO">${elements} = []</msg>
<status status="PASS" starttime="20200525 23:17:48.775" endtime="20200525 23:17:50.814"></status>
</kw>
<kw name="Run Keyword If" library="BuiltIn">
<doc>Runs the given keyword with the given arguments, if ``condition`` is true.</doc>
<arguments>
<arg>$elements==[]</arg>
<arg>EXIT FOR LOOP</arg>
</arguments>
<kw name="Exit For Loop" library="BuiltIn">
<doc>Stops executing the enclosing for loop.</doc>
<msg timestamp="20200525 23:17:50.815" level="INFO">Exiting for loop altogether.</msg>
<status status="PASS" starttime="20200525 23:17:50.815" endtime="20200525 23:17:50.815"></status>
</kw>
<status status="PASS" starttime="20200525 23:17:50.814" endtime="20200525 23:17:50.815"></status>
</kw>
<status status="PASS" starttime="20200525 23:17:48.775" endtime="20200525 23:17:50.815"></status>
</kw>
<status status="PASS" starttime="20200525 23:17:48.775" endtime="20200525 23:17:50.815"></status>
</kw>
<kw name="Set Selenium Implicit Wait" library="SeleniumLibrary">
<doc>Sets the implicit wait value used by Selenium.</doc>
<arguments>
<arg>10</arg>
</arguments>
<status status="PASS" starttime="20200525 23:17:50.815" endtime="20200525 23:17:50.816"></status>
</kw>
<status status="PASS" starttime="20200525 23:17:48.558" endtime="20200525 23:17:50.816"></status>
</kw>
<kw name="addCourse" library="rclib">
<arguments>
<arg>selenium</arg>
<arg>selenium</arg>
<arg>1</arg>
</arguments>
<kw name="Click Element" library="SeleniumLibrary">
<doc>Click the element identified by ``locator``.</doc>
<arguments>
<arg>css=[ng-click="showAddOne=true"]</arg>
</arguments>
<msg timestamp="20200525 23:17:50.818" level="INFO">Clicking element 'css=[ng-click="showAddOne=true"]'.</msg>
<status status="PASS" starttime="20200525 23:17:50.818" endtime="20200525 23:17:50.857"></status>
</kw>
<kw name="Input Text" library="SeleniumLibrary">
<doc>Types the given ``text`` into the text field identified by ``locator``.</doc>
<arguments>
<arg>css=[ng-model="addData.name"]</arg>
<arg>${name}</arg>
</arguments>
<msg timestamp="20200525 23:17:50.858" level="INFO">Typing text 'selenium' into text field 'css=[ng-model="addData.name"]'.</msg>
<status status="PASS" starttime="20200525 23:17:50.858" endtime="20200525 23:17:50.951"></status>
</kw>
<kw name="Input Text" library="SeleniumLibrary">
<doc>Types the given ``text`` into the text field identified by ``locator``.</doc>
<arguments>
<arg>css=[ng-model="addData.desc"]</arg>
<arg>${desc}</arg>
</arguments>
<msg timestamp="20200525 23:17:50.952" level="INFO">Typing text 'selenium' into text field 'css=[ng-model="addData.desc"]'.</msg>
<status status="PASS" starttime="20200525 23:17:50.951" endtime="20200525 23:17:51.020"></status>
</kw>
<kw name="Input Text" library="SeleniumLibrary">
<doc>Types the given ``text`` into the text field identified by ``locator``.</doc>
<arguments>
<arg>css=[ng-model="addData.display_idx"]</arg>
<arg>${idx}</arg>
</arguments>
<msg timestamp="20200525 23:17:51.020" level="INFO">Typing text '1' into text field 'css=[ng-model="addData.display_idx"]'.</msg>
<status status="PASS" starttime="20200525 23:17:51.020" endtime="20200525 23:17:51.078"></status>
</kw>
<kw name="Click Element" library="SeleniumLibrary">
<doc>Click the element identified by ``locator``.</doc>
<arguments>
<arg>css=[ng-click="addOne()"]</arg>
</arguments>
<msg timestamp="20200525 23:17:51.079" level="INFO">Clicking element 'css=[ng-click="addOne()"]'.</msg>
<status status="PASS" starttime="20200525 23:17:51.078" endtime="20200525 23:17:51.131"></status>
</kw>
<status status="PASS" starttime="20200525 23:17:50.818" endtime="20200525 23:17:51.131"></status>
</kw>
<kw name="checkCourse" library="rclib">
<arguments>
<arg>selenium</arg>
</arguments>
<kw name="Get Text" library="SeleniumLibrary">
<doc>Returns the text value of the element identified by ``locator``.</doc>
<arguments>
<arg>css=tbody td:nth-child(2)</arg>
</arguments>
<assign>
<var>${course}</var>
</assign>
<msg timestamp="20200525 23:17:51.257" level="INFO">${course} = selenium</msg>
<status status="PASS" starttime="20200525 23:17:51.131" endtime="20200525 23:17:51.257"></status>
</kw>
<kw name="Should Be True" library="BuiltIn">
<doc>Fails if the given condition is not true.</doc>
<arguments>
<arg>$course==$expect</arg>
</arguments>
<status status="PASS" starttime="20200525 23:17:51.257" endtime="20200525 23:17:51.257"></status>
</kw>
<status status="PASS" starttime="20200525 23:17:51.131" endtime="20200525 23:17:51.257"></status>
</kw>
<kw name="clearcourse" library="rclib" type="teardown">
<kw name="loginwebsite" library="rclib">
<kw name="Go To" library="SeleniumLibrary">
<doc>Navigates the current browser window to the provided ``url``.</doc>
<arguments>
<arg>http://localhost/mgr/login/login.html</arg>
</arguments>
<msg timestamp="20200525 23:17:51.259" level="INFO">Opening url 'http://localhost/mgr/login/login.html'</msg>
<status status="PASS" starttime="20200525 23:17:51.259" endtime="20200525 23:17:51.293"></status>
</kw>
<kw name="Set Selenium Implicit Wait" library="SeleniumLibrary">
<doc>Sets the implicit wait value used by Selenium.</doc>
<arguments>
<arg>10</arg>
</arguments>
<status status="PASS" starttime="20200525 23:17:51.293" endtime="20200525 23:17:51.295"></status>
</kw>
<kw name="Input Text" library="SeleniumLibrary">
<doc>Types the given ``text`` into the text field identified by ``locator``.</doc>
<arguments>
<arg>id=username</arg>
<arg>auto</arg>
</arguments>
<msg timestamp="20200525 23:17:51.295" level="INFO">Typing text 'auto' into text field 'id=username'.</msg>
<status status="PASS" starttime="20200525 23:17:51.295" endtime="20200525 23:17:51.370"></status>
</kw>
<kw name="Input Text" library="SeleniumLibrary">
<doc>Types the given ``text`` into the text field identified by ``locator``.</doc>
<arguments>
<arg>id=password</arg>
<arg>sdfsdfsdf</arg>
</arguments>
<msg timestamp="20200525 23:17:51.370" level="INFO">Typing text 'sdfsdfsdf' into text field 'id=password'.</msg>
<status status="PASS" starttime="20200525 23:17:51.370" endtime="20200525 23:17:51.440"></status>
</kw>
<kw name="Click Element" library="SeleniumLibrary">
<doc>Click the element identified by ``locator``.</doc>
<arguments>
<arg>css=.btn-success</arg>
</arguments>
<msg timestamp="20200525 23:17:51.441" level="INFO">Clicking element 'css=.btn-success'.</msg>
<status status="PASS" starttime="20200525 23:17:51.441" endtime="20200525 23:17:51.479"></status>
</kw>
<status status="PASS" starttime="20200525 23:17:51.258" endtime="20200525 23:17:51.479"></status>
</kw>
<kw name="Set Selenium Implicit Wait" library="SeleniumLibrary">
<doc>Sets the implicit wait value used by Selenium.</doc>
<arguments>
<arg>2</arg>
</arguments>
<status status="PASS" starttime="20200525 23:17:51.479" endtime="20200525 23:17:51.480"></status>
</kw>
<kw name="${one} IN RANGE [ 9999 ]" type="for">
<kw name="${one} = 0" type="foritem">
<kw name="Get WebElements" library="SeleniumLibrary">
<doc>Returns a list of WebElement objects matching the ``locator``.</doc>
<arguments>
<arg>css=[ng-click="delOne(one)"]</arg>
</arguments>
<assign>
<var>${elements}</var>
</assign>
<msg timestamp="20200525 23:17:51.729" level="INFO">${elements} = [&lt;selenium.webdriver.remote.webelement.WebElement (session="9e6e3288075d31417f315a45c258c47f", element="24bb8691-7770-426e-8ffe-a65244aafdb7")&gt;]</msg>
<status status="PASS" starttime="20200525 23:17:51.481" endtime="20200525 23:17:51.729"></status>
</kw>
<kw name="Run Keyword If" library="BuiltIn">
<doc>Runs the given keyword with the given arguments, if ``condition`` is true.</doc>
<arguments>
<arg>$elements==[]</arg>
<arg>EXIT FOR LOOP</arg>
</arguments>
<status status="PASS" starttime="20200525 23:17:51.729" endtime="20200525 23:17:51.729"></status>
</kw>
<kw name="Click Element" library="SeleniumLibrary">
<doc>Click the element identified by ``locator``.</doc>
<arguments>
<arg>${elements[0]}</arg>
</arguments>
<msg timestamp="20200525 23:17:51.730" level="INFO">Clicking element '&lt;selenium.webdriver.remote.webelement.WebElement (session="9e6e3288075d31417f315a45c258c47f", element="24bb8691-7770-426e-8ffe-a65244aafdb7")&gt;'.</msg>
<status status="PASS" starttime="20200525 23:17:51.729" endtime="20200525 23:17:51.778"></status>
</kw>
<kw name="Click Element" library="SeleniumLibrary">
<doc>Click the element identified by ``locator``.</doc>
<arguments>
<arg>css=button.btn-primary</arg>
</arguments>
<msg timestamp="20200525 23:17:51.778" level="INFO">Clicking element 'css=button.btn-primary'.</msg>
<status status="PASS" starttime="20200525 23:17:51.778" endtime="20200525 23:17:51.992"></status>
</kw>
<kw name="Sleep" library="BuiltIn">
<doc>Pauses the test executed for the given time.</doc>
<arguments>
<arg>1</arg>
</arguments>
<msg timestamp="20200525 23:17:52.994" level="INFO">Slept 1 second</msg>
<status status="PASS" starttime="20200525 23:17:51.992" endtime="20200525 23:17:52.994"></status>
</kw>
<status status="PASS" starttime="20200525 23:17:51.480" endtime="20200525 23:17:52.994"></status>
</kw>
<kw name="${one} = 1" type="foritem">
<kw name="Get WebElements" library="SeleniumLibrary">
<doc>Returns a list of WebElement objects matching the ``locator``.</doc>
<arguments>
<arg>css=[ng-click="delOne(one)"]</arg>
</arguments>
<assign>
<var>${elements}</var>
</assign>
<msg timestamp="20200525 23:17:55.011" level="INFO">${elements} = []</msg>
<status status="PASS" starttime="20200525 23:17:52.995" endtime="20200525 23:17:55.011"></status>
</kw>
<kw name="Run Keyword If" library="BuiltIn">
<doc>Runs the given keyword with the given arguments, if ``condition`` is true.</doc>
<arguments>
<arg>$elements==[]</arg>
<arg>EXIT FOR LOOP</arg>
</arguments>
<kw name="Exit For Loop" library="BuiltIn">
<doc>Stops executing the enclosing for loop.</doc>
<msg timestamp="20200525 23:17:55.011" level="INFO">Exiting for loop altogether.</msg>
<status status="PASS" starttime="20200525 23:17:55.011" endtime="20200525 23:17:55.011"></status>
</kw>
<status status="PASS" starttime="20200525 23:17:55.011" endtime="20200525 23:17:55.011"></status>
</kw>
<status status="PASS" starttime="20200525 23:17:52.995" endtime="20200525 23:17:55.011"></status>
</kw>
<status status="PASS" starttime="20200525 23:17:51.480" endtime="20200525 23:17:55.012"></status>
</kw>
<kw name="Set Selenium Implicit Wait" library="SeleniumLibrary">
<doc>Sets the implicit wait value used by Selenium.</doc>
<arguments>
<arg>10</arg>
</arguments>
<status status="PASS" starttime="20200525 23:17:55.012" endtime="20200525 23:17:55.013"></status>
</kw>
<status status="PASS" starttime="20200525 23:17:51.258" endtime="20200525 23:17:55.013"></status>
</kw>
<status status="PASS" starttime="20200525 23:17:48.557" endtime="20200525 23:17:55.013" critical="yes"></status>
</test>
<kw name="TearDown WebTest" library="rclib" type="teardown">
<kw name="Close Browser" library="SeleniumLibrary">
<doc>Closes the current browser.</doc>
<status status="PASS" starttime="20200525 23:17:55.016" endtime="20200525 23:17:57.109"></status>
</kw>
<status status="PASS" starttime="20200525 23:17:55.016" endtime="20200525 23:17:57.109"></status>
</kw>
<status status="PASS" starttime="20200525 23:17:38.239" endtime="20200525 23:17:57.109"></status>
</suite>
<statistics>
<total>
<stat pass="2" fail="0">Critical Tests</stat>
<stat pass="2" fail="0">All Tests</stat>
</total>
<tag>
</tag>
<suite>
<stat pass="2" fail="0" id="s1" name="T1">T1</stat>
</suite>
</statistics>
<errors>
</errors>
</robot>
