<?xml version="1.0" encoding="UTF-8"?>
<robot generator="Robot 3.2.1 (Python 3.6.5 on win32)" generated="20200527 09:44:54.857" rpa="false">
<suite id="s1" name="Ceshi" source="F:\PycharmProjects\untitled\rf1222\day5\ceshi.robot">
<test id="s1-t1" name="case1">
<kw name="Evaluate" library="BuiltIn">
<doc>Evaluates the given expression in Python and returns the result.</doc>
<arguments>
<arg>[one for one in range(10)]</arg>
</arguments>
<assign>
<var>${list}</var>
</assign>
<msg timestamp="20200527 09:44:54.882" level="INFO">${list} = [0, 1, 2, 3, 4, 5, 6, 7, 8, 9]</msg>
<status status="PASS" starttime="20200527 09:44:54.881" endtime="20200527 09:44:54.882"></status>
</kw>
<kw name="Log To Console" library="BuiltIn">
<doc>Logs the given message to the console.</doc>
<arguments>
<arg>${list}</arg>
</arguments>
<status status="PASS" starttime="20200527 09:44:54.882" endtime="20200527 09:44:54.882"></status>
</kw>
<kw name="Should Be True" library="BuiltIn">
<doc>Fails if the given condition is not true.</doc>
<arguments>
<arg>[0,1,2,3,4,5,6,7,8,9]==$list</arg>
</arguments>
<status status="PASS" starttime="20200527 09:44:54.883" endtime="20200527 09:44:54.888"></status>
</kw>
<status status="PASS" starttime="20200527 09:44:54.881" endtime="20200527 09:44:54.888" critical="yes"></status>
</test>
<status status="PASS" starttime="20200527 09:44:54.858" endtime="20200527 09:44:54.890"></status>
</suite>
<statistics>
<total>
<stat pass="1" fail="0">Critical Tests</stat>
<stat pass="1" fail="0">All Tests</stat>
</total>
<tag>
</tag>
<suite>
<stat pass="1" fail="0" id="s1" name="Ceshi">Ceshi</stat>
</suite>
</statistics>
<errors>
</errors>
</robot>
