<?xml version="1.0" encoding="UTF-8"?>
<robot generator="Robot 3.2.1 (Python 3.6.5 on win32)" generated="20200531 14:09:57.007" rpa="false">
<suite id="s1" name="Day4" source="F:\PycharmProjects\untitled\rf1222\day2\job\day4.robot">
<test id="s1-t1" name="case1">
<kw name="Create List" library="BuiltIn">
<doc>Returns a list containing given items.</doc>
<arguments>
<arg>0</arg>
<arg>1</arg>
<arg>2</arg>
<arg>3</arg>
<arg>4</arg>
<arg>5</arg>
</arguments>
<assign>
<var>${list}</var>
</assign>
<msg timestamp="20200531 14:09:57.046" level="INFO">${list} = ['0', '1', '2', '3', '4', '5']</msg>
<status status="PASS" starttime="20200531 14:09:57.046" endtime="20200531 14:09:57.046"></status>
</kw>
<kw name="${one} IN [ @{list} ]" type="for">
<kw name="${one} = 0" type="foritem">
<kw name="Log To Console" library="BuiltIn">
<doc>Logs the given message to the console.</doc>
<arguments>
<arg>${one}</arg>
</arguments>
<status status="PASS" starttime="20200531 14:09:57.047" endtime="20200531 14:09:57.048"></status>
</kw>
<kw name="Run Keyword If" library="BuiltIn">
<doc>Runs the given keyword with the given arguments, if ``condition`` is true.</doc>
<arguments>
<arg>$one=='0'</arg>
<arg>log to console</arg>
<arg>测试通过</arg>
<arg>ELSE</arg>
<arg>log to console</arg>
<arg>测试不通过</arg>
</arguments>
<kw name="Log To Console" library="BuiltIn">
<doc>Logs the given message to the console.</doc>
<arguments>
<arg>测试通过</arg>
</arguments>
<status status="PASS" starttime="20200531 14:09:57.054" endtime="20200531 14:09:57.056"></status>
</kw>
<status status="PASS" starttime="20200531 14:09:57.048" endtime="20200531 14:09:57.056"></status>
</kw>
<status status="PASS" starttime="20200531 14:09:57.047" endtime="20200531 14:09:57.056"></status>
</kw>
<kw name="${one} = 1" type="foritem">
<kw name="Log To Console" library="BuiltIn">
<doc>Logs the given message to the console.</doc>
<arguments>
<arg>${one}</arg>
</arguments>
<status status="PASS" starttime="20200531 14:09:57.056" endtime="20200531 14:09:57.057"></status>
</kw>
<kw name="Run Keyword If" library="BuiltIn">
<doc>Runs the given keyword with the given arguments, if ``condition`` is true.</doc>
<arguments>
<arg>$one=='0'</arg>
<arg>log to console</arg>
<arg>测试通过</arg>
<arg>ELSE</arg>
<arg>log to console</arg>
<arg>测试不通过</arg>
</arguments>
<kw name="Log To Console" library="BuiltIn">
<doc>Logs the given message to the console.</doc>
<arguments>
<arg>测试不通过</arg>
</arguments>
<status status="PASS" starttime="20200531 14:09:57.057" endtime="20200531 14:09:57.066"></status>
</kw>
<status status="PASS" starttime="20200531 14:09:57.057" endtime="20200531 14:09:57.066"></status>
</kw>
<status status="PASS" starttime="20200531 14:09:57.056" endtime="20200531 14:09:57.066"></status>
</kw>
<kw name="${one} = 2" type="foritem">
<kw name="Log To Console" library="BuiltIn">
<doc>Logs the given message to the console.</doc>
<arguments>
<arg>${one}</arg>
</arguments>
<status status="PASS" starttime="20200531 14:09:57.067" endtime="20200531 14:09:57.068"></status>
</kw>
<kw name="Run Keyword If" library="BuiltIn">
<doc>Runs the given keyword with the given arguments, if ``condition`` is true.</doc>
<arguments>
<arg>$one=='0'</arg>
<arg>log to console</arg>
<arg>测试通过</arg>
<arg>ELSE</arg>
<arg>log to console</arg>
<arg>测试不通过</arg>
</arguments>
<kw name="Log To Console" library="BuiltIn">
<doc>Logs the given message to the console.</doc>
<arguments>
<arg>测试不通过</arg>
</arguments>
<status status="PASS" starttime="20200531 14:09:57.068" endtime="20200531 14:09:57.069"></status>
</kw>
<status status="PASS" starttime="20200531 14:09:57.068" endtime="20200531 14:09:57.069"></status>
</kw>
<status status="PASS" starttime="20200531 14:09:57.066" endtime="20200531 14:09:57.069"></status>
</kw>
<kw name="${one} = 3" type="foritem">
<kw name="Log To Console" library="BuiltIn">
<doc>Logs the given message to the console.</doc>
<arguments>
<arg>${one}</arg>
</arguments>
<status status="PASS" starttime="20200531 14:09:57.069" endtime="20200531 14:09:57.076"></status>
</kw>
<kw name="Run Keyword If" library="BuiltIn">
<doc>Runs the given keyword with the given arguments, if ``condition`` is true.</doc>
<arguments>
<arg>$one=='0'</arg>
<arg>log to console</arg>
<arg>测试通过</arg>
<arg>ELSE</arg>
<arg>log to console</arg>
<arg>测试不通过</arg>
</arguments>
<kw name="Log To Console" library="BuiltIn">
<doc>Logs the given message to the console.</doc>
<arguments>
<arg>测试不通过</arg>
</arguments>
<status status="PASS" starttime="20200531 14:09:57.077" endtime="20200531 14:09:57.079"></status>
</kw>
<status status="PASS" starttime="20200531 14:09:57.076" endtime="20200531 14:09:57.079"></status>
</kw>
<status status="PASS" starttime="20200531 14:09:57.069" endtime="20200531 14:09:57.079"></status>
</kw>
<kw name="${one} = 4" type="foritem">
<kw name="Log To Console" library="BuiltIn">
<doc>Logs the given message to the console.</doc>
<arguments>
<arg>${one}</arg>
</arguments>
<status status="PASS" starttime="20200531 14:09:57.079" endtime="20200531 14:09:57.087"></status>
</kw>
<kw name="Run Keyword If" library="BuiltIn">
<doc>Runs the given keyword with the given arguments, if ``condition`` is true.</doc>
<arguments>
<arg>$one=='0'</arg>
<arg>log to console</arg>
<arg>测试通过</arg>
<arg>ELSE</arg>
<arg>log to console</arg>
<arg>测试不通过</arg>
</arguments>
<kw name="Log To Console" library="BuiltIn">
<doc>Logs the given message to the console.</doc>
<arguments>
<arg>测试不通过</arg>
</arguments>
<status status="PASS" starttime="20200531 14:09:57.088" endtime="20200531 14:09:57.090"></status>
</kw>
<status status="PASS" starttime="20200531 14:09:57.088" endtime="20200531 14:09:57.090"></status>
</kw>
<status status="PASS" starttime="20200531 14:09:57.079" endtime="20200531 14:09:57.090"></status>
</kw>
<kw name="${one} = 5" type="foritem">
<kw name="Log To Console" library="BuiltIn">
<doc>Logs the given message to the console.</doc>
<arguments>
<arg>${one}</arg>
</arguments>
<status status="PASS" starttime="20200531 14:09:57.090" endtime="20200531 14:09:57.092"></status>
</kw>
<kw name="Run Keyword If" library="BuiltIn">
<doc>Runs the given keyword with the given arguments, if ``condition`` is true.</doc>
<arguments>
<arg>$one=='0'</arg>
<arg>log to console</arg>
<arg>测试通过</arg>
<arg>ELSE</arg>
<arg>log to console</arg>
<arg>测试不通过</arg>
</arguments>
<kw name="Log To Console" library="BuiltIn">
<doc>Logs the given message to the console.</doc>
<arguments>
<arg>测试不通过</arg>
</arguments>
<status status="PASS" starttime="20200531 14:09:57.092" endtime="20200531 14:09:57.102"></status>
</kw>
<status status="PASS" starttime="20200531 14:09:57.092" endtime="20200531 14:09:57.102"></status>
</kw>
<status status="PASS" starttime="20200531 14:09:57.090" endtime="20200531 14:09:57.102"></status>
</kw>
<status status="PASS" starttime="20200531 14:09:57.047" endtime="20200531 14:09:57.102"></status>
</kw>
<status status="PASS" starttime="20200531 14:09:57.044" endtime="20200531 14:09:57.104" critical="yes"></status>
</test>
<status status="PASS" starttime="20200531 14:09:57.009" endtime="20200531 14:09:57.105"></status>
</suite>
<statistics>
<total>
<stat pass="1" fail="0">Critical Tests</stat>
<stat pass="1" fail="0">All Tests</stat>
</total>
<tag>
</tag>
<suite>
<stat pass="1" fail="0" id="s1" name="Day4">Day4</stat>
</suite>
</statistics>
<errors>
</errors>
</robot>
